2025-11-28 16:32:40,060 [INFO] avantixrpa.engine - Start flow: AVANTIXRPA - Log backup sample
2025-11-28 16:32:40,061 [INFO] avantixrpa.engine - Step 1: print
2025-11-28 16:32:40,061 [INFO] avantixrpa.engine - Step 1 completed: print
2025-11-28 16:32:40,061 [INFO] avantixrpa.engine - Step 2: file.copy
2025-11-28 16:32:40,066 [INFO] avantixrpa.engine - Step 2 completed: file.copy
2025-11-28 16:32:40,067 [INFO] avantixrpa.engine - Step 3: print
2025-11-28 16:32:40,067 [INFO] avantixrpa.engine - Step 3 completed: print
2025-11-28 16:32:40,067 [INFO] avantixrpa.engine - Flow finished
2025-11-28 16:44:10,784 [INFO] avantixrpa.engine - Start flow: AVANTIXRPA - Open browser sample
2025-11-28 16:44:10,784 [INFO] avantixrpa.engine - Step 1: print
2025-11-28 16:44:10,784 [INFO] avantixrpa.engine - Step 1 completed: print
2025-11-28 16:44:10,784 [INFO] avantixrpa.engine - Step 2: browser.open
2025-11-28 16:44:10,873 [INFO] avantixrpa.engine - Step 2 completed: browser.open
2025-11-28 16:44:10,874 [INFO] avantixrpa.engine - Step 3: wait
2025-11-28 16:44:12,875 [INFO] avantixrpa.engine - Step 3 completed: wait
2025-11-28 16:44:12,877 [INFO] avantixrpa.engine - Step 4: print
2025-11-28 16:44:12,879 [INFO] avantixrpa.engine - Step 4 completed: print
2025-11-28 16:44:12,880 [INFO] avantixrpa.engine - Flow finished
2025-11-28 16:46:35,606 [INFO] avantixrpa.engine - Start flow: AVANTIXRPA - Error handling test (on_error=stop)
2025-11-28 16:46:35,606 [INFO] avantixrpa.engine - Step 1: print (on_error=stop)
2025-11-28 16:46:35,607 [INFO] avantixrpa.engine - Step 1 completed: print
2025-11-28 16:46:35,607 [INFO] avantixrpa.engine - Step 2: file.copy (on_error=stop)
2025-11-28 16:46:35,608 [ERROR] avantixrpa.engine - Step 2 failed: [WinError 2] 指定されたファイルが見つかりません。
Traceback (most recent call last):
  File "C:\Users\熊大病院保守担当\Desktop\AVANTIXRPA\avantixrpa\core\engine.py", line 71, in run_flow
    action.execute(context, params)
    ~~~~~~~~~~~~~~^^^^^^^^^^^^^^^^^
  File "C:\Users\熊大病院保守担当\Desktop\AVANTIXRPA\avantixrpa\actions\builtins\file_actions.py", line 22, in execute
    shutil.copy2(src_path, dst_path)
    ~~~~~~~~~~~~^^^^^^^^^^^^^^^^^^^^
  File "C:\Users\熊大病院保守担当\AppData\Local\Programs\Python\Python313\Lib\shutil.py", line 453, in copy2
    _winapi.CopyFile2(src_, dst_, flags)
    ~~~~~~~~~~~~~~~~~^^^^^^^^^^^^^^^^^^^
FileNotFoundError: [WinError 2] 指定されたファイルが見つかりません。
2025-11-28 16:48:26,550 [INFO] avantixrpa.engine - Start flow: AVANTIXRPA - Error handling test (on_error=continue)
2025-11-28 16:48:26,551 [INFO] avantixrpa.engine - Step 1: print (on_error=continue)
2025-11-28 16:48:26,551 [INFO] avantixrpa.engine - Step 1 completed: print
2025-11-28 16:48:26,551 [INFO] avantixrpa.engine - Step 2: file.copy (on_error=continue)
2025-11-28 16:48:26,552 [ERROR] avantixrpa.engine - Step 2 failed: [WinError 2] 指定されたファイルが見つかりません。
Traceback (most recent call last):
  File "C:\Users\熊大病院保守担当\Desktop\AVANTIXRPA\avantixrpa\core\engine.py", line 71, in run_flow
    action.execute(context, params)
    ~~~~~~~~~~~~~~^^^^^^^^^^^^^^^^^
  File "C:\Users\熊大病院保守担当\Desktop\AVANTIXRPA\avantixrpa\actions\builtins\file_actions.py", line 22, in execute
    shutil.copy2(src_path, dst_path)
    ~~~~~~~~~~~~^^^^^^^^^^^^^^^^^^^^
  File "C:\Users\熊大病院保守担当\AppData\Local\Programs\Python\Python313\Lib\shutil.py", line 453, in copy2
    _winapi.CopyFile2(src_, dst_, flags)
    ~~~~~~~~~~~~~~~~~^^^^^^^^^^^^^^^^^^^
FileNotFoundError: [WinError 2] 指定されたファイルが見つかりません。
2025-11-28 16:48:26,557 [INFO] avantixrpa.engine - Step 3: print (on_error=continue)
2025-11-28 16:48:26,557 [INFO] avantixrpa.engine - Step 3 completed: print
2025-11-28 16:48:26,557 [INFO] avantixrpa.engine - Flow finished
2025-11-28 16:49:04,967 [INFO] avantixrpa.engine - Start flow: AVANTIXRPA - Error handling per step (on_error=stop)
2025-11-28 16:49:04,967 [INFO] avantixrpa.engine - Step 1: print (on_error=stop)
2025-11-28 16:49:04,967 [INFO] avantixrpa.engine - Step 1 completed: print
2025-11-28 16:49:04,967 [INFO] avantixrpa.engine - Step 2: file.copy (on_error=continue)
2025-11-28 16:49:04,968 [ERROR] avantixrpa.engine - Step 2 failed: [WinError 2] 指定されたファイルが見つかりません。
Traceback (most recent call last):
  File "C:\Users\熊大病院保守担当\Desktop\AVANTIXRPA\avantixrpa\core\engine.py", line 71, in run_flow
    action.execute(context, params)
    ~~~~~~~~~~~~~~^^^^^^^^^^^^^^^^^
  File "C:\Users\熊大病院保守担当\Desktop\AVANTIXRPA\avantixrpa\actions\builtins\file_actions.py", line 22, in execute
    shutil.copy2(src_path, dst_path)
    ~~~~~~~~~~~~^^^^^^^^^^^^^^^^^^^^
  File "C:\Users\熊大病院保守担当\AppData\Local\Programs\Python\Python313\Lib\shutil.py", line 453, in copy2
    _winapi.CopyFile2(src_, dst_, flags)
    ~~~~~~~~~~~~~~~~~^^^^^^^^^^^^^^^^^^^
FileNotFoundError: [WinError 2] 指定されたファイルが見つかりません。
2025-11-28 16:49:04,973 [INFO] avantixrpa.engine - Step 3: print (on_error=stop)
2025-11-28 16:49:04,974 [INFO] avantixrpa.engine - Step 3 completed: print
2025-11-28 16:49:04,975 [INFO] avantixrpa.engine - Step 4: file.copy (on_error=stop)
2025-11-28 16:49:04,977 [ERROR] avantixrpa.engine - Step 4 failed: [WinError 2] 指定されたファイルが見つかりません。
Traceback (most recent call last):
  File "C:\Users\熊大病院保守担当\Desktop\AVANTIXRPA\avantixrpa\core\engine.py", line 71, in run_flow
    action.execute(context, params)
    ~~~~~~~~~~~~~~^^^^^^^^^^^^^^^^^
  File "C:\Users\熊大病院保守担当\Desktop\AVANTIXRPA\avantixrpa\actions\builtins\file_actions.py", line 22, in execute
    shutil.copy2(src_path, dst_path)
    ~~~~~~~~~~~~^^^^^^^^^^^^^^^^^^^^
  File "C:\Users\熊大病院保守担当\AppData\Local\Programs\Python\Python313\Lib\shutil.py", line 453, in copy2
    _winapi.CopyFile2(src_, dst_, flags)
    ~~~~~~~~~~~~~~~~~^^^^^^^^^^^^^^^^^^^
FileNotFoundError: [WinError 2] 指定されたファイルが見つかりません。
2025-11-28 17:00:28,759 [INFO] avantixrpa.engine - Start flow: AVANTIXRPA - UI Notepad typing test (on_error=stop)
2025-11-28 17:00:28,760 [INFO] avantixrpa.engine - Step 1: print (on_error=stop)
2025-11-28 17:00:28,760 [INFO] avantixrpa.engine - Step 1 completed: print
2025-11-28 17:00:28,760 [INFO] avantixrpa.engine - Step 2: run.program (on_error=stop)
2025-11-28 17:00:28,769 [INFO] avantixrpa.engine - Step 2 completed: run.program
2025-11-28 17:00:28,770 [INFO] avantixrpa.engine - Step 3: wait (on_error=stop)
2025-11-28 17:00:30,270 [INFO] avantixrpa.engine - Step 3 completed: wait
2025-11-28 17:00:30,271 [INFO] avantixrpa.engine - Step 4: ui.type (on_error=stop)
2025-11-28 17:00:31,509 [INFO] avantixrpa.engine - Step 4 completed: ui.type
2025-11-28 17:00:31,510 [INFO] avantixrpa.engine - Step 5: wait (on_error=stop)
2025-11-28 17:00:32,011 [INFO] avantixrpa.engine - Step 5 completed: wait
2025-11-28 17:00:32,012 [INFO] avantixrpa.engine - Step 6: ui.hotkey (on_error=stop)
2025-11-28 17:00:32,115 [INFO] avantixrpa.engine - Step 6 completed: ui.hotkey
2025-11-28 17:00:32,116 [INFO] avantixrpa.engine - Step 7: ui.type (on_error=stop)
2025-11-28 17:00:33,226 [INFO] avantixrpa.engine - Step 7 completed: ui.type
2025-11-28 17:00:33,227 [INFO] avantixrpa.engine - Flow finished
2025-11-28 17:03:12,718 [INFO] avantixrpa.engine - Start flow: AVANTIXRPA - UI Notepad typing test (on_error=stop)
2025-11-28 17:03:12,719 [INFO] avantixrpa.engine - Step 1: print (on_error=stop)
2025-11-28 17:03:12,720 [INFO] avantixrpa.engine - Step 1 completed: print
2025-11-28 17:03:12,720 [INFO] avantixrpa.engine - Step 2: run.program (on_error=stop)
2025-11-28 17:03:12,733 [INFO] avantixrpa.engine - Step 2 completed: run.program
2025-11-28 17:03:12,733 [INFO] avantixrpa.engine - Step 3: wait (on_error=stop)
2025-11-28 17:03:14,233 [INFO] avantixrpa.engine - Step 3 completed: wait
2025-11-28 17:03:14,234 [INFO] avantixrpa.engine - Step 4: ui.type (on_error=stop)
2025-11-28 17:03:15,492 [INFO] avantixrpa.engine - Step 4 completed: ui.type
2025-11-28 17:03:15,493 [INFO] avantixrpa.engine - Step 5: wait (on_error=stop)
2025-11-28 17:03:15,994 [INFO] avantixrpa.engine - Step 5 completed: wait
2025-11-28 17:03:15,995 [INFO] avantixrpa.engine - Step 6: ui.hotkey (on_error=stop)
2025-11-28 17:03:16,096 [INFO] avantixrpa.engine - Step 6 completed: ui.hotkey
2025-11-28 17:03:16,097 [INFO] avantixrpa.engine - Step 7: ui.type (on_error=stop)
2025-11-28 17:03:17,210 [INFO] avantixrpa.engine - Step 7 completed: ui.type
2025-11-28 17:03:17,211 [INFO] avantixrpa.engine - Flow finished
2025-11-28 17:09:11,125 [INFO] avantixrpa.engine - Start flow: AVANTIXRPA - UI click test (on_error=stop)
2025-11-28 17:09:11,125 [INFO] avantixrpa.engine - Step 1: print (on_error=stop)
2025-11-28 17:09:11,126 [INFO] avantixrpa.engine - Step 1 completed: print
2025-11-28 17:09:11,126 [INFO] avantixrpa.engine - Step 2: ui.move (on_error=stop)
2025-11-28 17:09:11,590 [INFO] avantixrpa.engine - Step 2 completed: ui.move
2025-11-28 17:09:11,591 [INFO] avantixrpa.engine - Step 3: wait (on_error=stop)
2025-11-28 17:09:11,791 [INFO] avantixrpa.engine - Step 3 completed: wait
2025-11-28 17:09:11,792 [INFO] avantixrpa.engine - Step 4: ui.click (on_error=stop)
2025-11-28 17:09:11,923 [INFO] avantixrpa.engine - Step 4 completed: ui.click
2025-11-28 17:09:11,923 [INFO] avantixrpa.engine - Flow finished
2025-11-28 17:09:22,553 [INFO] avantixrpa.engine - Start flow: AVANTIXRPA - UI click test (on_error=stop)
2025-11-28 17:09:22,553 [INFO] avantixrpa.engine - Step 1: print (on_error=stop)
2025-11-28 17:09:22,553 [INFO] avantixrpa.engine - Step 1 completed: print
2025-11-28 17:09:22,554 [INFO] avantixrpa.engine - Step 2: ui.move (on_error=stop)
2025-11-28 17:09:23,018 [INFO] avantixrpa.engine - Step 2 completed: ui.move
2025-11-28 17:09:23,019 [INFO] avantixrpa.engine - Step 3: wait (on_error=stop)
2025-11-28 17:09:23,220 [INFO] avantixrpa.engine - Step 3 completed: wait
2025-11-28 17:09:23,221 [INFO] avantixrpa.engine - Step 4: ui.click (on_error=stop)
2025-11-28 17:09:23,333 [INFO] avantixrpa.engine - Step 4 completed: ui.click
2025-11-28 17:09:23,334 [INFO] avantixrpa.engine - Flow finished
2025-11-28 17:12:27,530 [INFO] avantixrpa.engine - Start flow: AVANTIXRPA - UI Notepad typing test (on_error=stop)
2025-11-28 17:12:27,530 [INFO] avantixrpa.engine - Step 1: print (on_error=stop)
2025-11-28 17:12:27,531 [INFO] avantixrpa.engine - Step 1 completed: print
2025-11-28 17:12:27,531 [INFO] avantixrpa.engine - Step 2: run.program (on_error=stop)
2025-11-28 17:12:27,536 [INFO] avantixrpa.engine - Step 2 completed: run.program
2025-11-28 17:12:27,537 [INFO] avantixrpa.engine - Step 3: wait (on_error=stop)
2025-11-28 17:12:29,037 [INFO] avantixrpa.engine - Step 3 completed: wait
2025-11-28 17:12:29,038 [INFO] avantixrpa.engine - Step 4: ui.type (on_error=stop)
2025-11-28 17:12:30,296 [INFO] avantixrpa.engine - Step 4 completed: ui.type
2025-11-28 17:12:30,296 [INFO] avantixrpa.engine - Step 5: wait (on_error=stop)
2025-11-28 17:12:30,797 [INFO] avantixrpa.engine - Step 5 completed: wait
2025-11-28 17:12:30,798 [INFO] avantixrpa.engine - Step 6: ui.hotkey (on_error=stop)
2025-11-28 17:12:30,900 [INFO] avantixrpa.engine - Step 6 completed: ui.hotkey
2025-11-28 17:12:30,901 [INFO] avantixrpa.engine - Step 7: ui.type (on_error=stop)
2025-11-28 17:12:32,012 [INFO] avantixrpa.engine - Step 7 completed: ui.type
2025-11-28 17:12:32,013 [INFO] avantixrpa.engine - Flow finished
2025-11-28 17:18:07,382 [INFO] avantixrpa.engine - Start flow: AVANTIXRPA - UI Notepad typing test (on_error=stop)
2025-11-28 17:18:07,383 [INFO] avantixrpa.engine - Step 1: print (on_error=stop)
2025-11-28 17:18:07,384 [INFO] avantixrpa.engine - Step 1 completed: print
2025-11-28 17:18:07,384 [INFO] avantixrpa.engine - Step 2: run.program (on_error=stop)
2025-11-28 17:18:07,393 [INFO] avantixrpa.engine - Step 2 completed: run.program
2025-11-28 17:18:07,394 [INFO] avantixrpa.engine - Step 3: wait (on_error=stop)
2025-11-28 17:18:08,895 [INFO] avantixrpa.engine - Step 3 completed: wait
2025-11-28 17:18:08,895 [INFO] avantixrpa.engine - Step 4: ui.type (on_error=stop)
2025-11-28 17:18:10,129 [INFO] avantixrpa.engine - Step 4 completed: ui.type
2025-11-28 17:18:10,130 [INFO] avantixrpa.engine - Step 5: wait (on_error=stop)
2025-11-28 17:18:10,631 [INFO] avantixrpa.engine - Step 5 completed: wait
2025-11-28 17:18:10,633 [INFO] avantixrpa.engine - Step 6: ui.hotkey (on_error=stop)
2025-11-28 17:18:10,736 [INFO] avantixrpa.engine - Step 6 completed: ui.hotkey
2025-11-28 17:18:10,737 [INFO] avantixrpa.engine - Step 7: ui.type (on_error=stop)
2025-11-28 17:18:11,846 [INFO] avantixrpa.engine - Step 7 completed: ui.type
2025-11-28 17:18:11,847 [INFO] avantixrpa.engine - Flow finished
2025-12-01 10:05:43,722 [INFO] avantixrpa.engine - Start flow: AVANTIXRPA - Open portal from resources (on_error=stop)
2025-12-01 10:05:43,722 [INFO] avantixrpa.engine - Step 1: print (on_error=stop)
2025-12-01 10:05:43,722 [INFO] avantixrpa.engine - Step 1 completed: print
2025-12-01 10:05:43,723 [INFO] avantixrpa.engine - Step 2: resource.open_site (on_error=stop)
2025-12-01 10:05:43,779 [INFO] avantixrpa.engine - Step 2 completed: resource.open_site
2025-12-01 10:05:43,780 [INFO] avantixrpa.engine - Step 3: wait (on_error=stop)
2025-12-01 10:05:44,780 [INFO] avantixrpa.engine - Step 3 completed: wait
2025-12-01 10:05:44,781 [INFO] avantixrpa.engine - Step 4: print (on_error=stop)
2025-12-01 10:05:44,782 [INFO] avantixrpa.engine - Step 4 completed: print
2025-12-01 10:05:44,783 [INFO] avantixrpa.engine - Flow finished
2025-12-01 10:05:45,249 [INFO] avantixrpa.engine - Start flow: AVANTIXRPA - Open daily report from resources (on_error=stop)
2025-12-01 10:05:45,250 [INFO] avantixrpa.engine - Step 1: print (on_error=stop)
2025-12-01 10:05:45,250 [INFO] avantixrpa.engine - Step 1 completed: print
2025-12-01 10:05:45,251 [INFO] avantixrpa.engine - Step 2: resource.open_file (on_error=stop)
2025-12-01 10:05:45,252 [ERROR] avantixrpa.engine - Step 2 failed: 登録ファイルが存在しません: C:\Users\熊大病院保守担当\Desktop\sample.xlsx
Traceback (most recent call last):
  File "C:\Users\熊大病院保守担当\Desktop\AVANTIXRPA\avantixrpa\core\engine.py", line 71, in run_flow
    action.execute(context, params)
    ~~~~~~~~~~~~~~^^^^^^^^^^^^^^^^^
  File "C:\Users\熊大病院保守担当\Desktop\AVANTIXRPA\avantixrpa\actions\builtins\resource_actions.py", line 87, in execute
    raise FileNotFoundError(f"登録ファイルが存在しません: {path}")
FileNotFoundError: 登録ファイルが存在しません: C:\Users\熊大病院保守担当\Desktop\sample.xlsx
2025-12-01 12:30:54,869 [INFO] avantixrpa.engine - Start flow: AVANTIXRPA - Log backup sample (on_error=stop)
2025-12-01 12:30:54,869 [INFO] avantixrpa.engine - Step 1: print (on_error=stop)
2025-12-01 12:30:54,870 [INFO] avantixrpa.engine - Step 1 completed: print
2025-12-01 12:30:54,870 [INFO] avantixrpa.engine - Step 2: file.copy (on_error=stop)
2025-12-01 12:30:54,874 [INFO] avantixrpa.engine - Step 2 completed: file.copy
2025-12-01 12:30:54,874 [INFO] avantixrpa.engine - Step 3: print (on_error=stop)
2025-12-01 12:30:54,874 [INFO] avantixrpa.engine - Step 3 completed: print
2025-12-01 12:30:54,874 [INFO] avantixrpa.engine - Flow finished
2025-12-01 12:34:43,524 [INFO] avantixrpa.engine - Start flow: AVANTIXRPA - UI Notepad typing test (on_error=stop)
2025-12-01 12:34:43,526 [INFO] avantixrpa.engine - Step 1: print (on_error=stop)
2025-12-01 12:34:43,526 [INFO] avantixrpa.engine - Step 1 completed: print
2025-12-01 12:34:43,527 [INFO] avantixrpa.engine - Step 2: run.program (on_error=stop)
2025-12-01 12:34:43,535 [INFO] avantixrpa.engine - Step 2 completed: run.program
2025-12-01 12:34:43,536 [INFO] avantixrpa.engine - Step 3: wait (on_error=stop)
2025-12-01 12:34:45,036 [INFO] avantixrpa.engine - Step 3 completed: wait
2025-12-01 12:34:45,037 [INFO] avantixrpa.engine - Step 4: ui.type (on_error=stop)
2025-12-01 12:34:46,267 [INFO] avantixrpa.engine - Step 4 completed: ui.type
2025-12-01 12:34:46,268 [INFO] avantixrpa.engine - Step 5: wait (on_error=stop)
2025-12-01 12:34:46,768 [INFO] avantixrpa.engine - Step 5 completed: wait
2025-12-01 12:34:46,769 [INFO] avantixrpa.engine - Step 6: ui.hotkey (on_error=stop)
2025-12-01 12:34:46,872 [INFO] avantixrpa.engine - Step 6 completed: ui.hotkey
2025-12-01 12:34:46,872 [INFO] avantixrpa.engine - Step 7: ui.type (on_error=stop)
2025-12-01 12:34:47,983 [INFO] avantixrpa.engine - Step 7 completed: ui.type
2025-12-01 12:34:47,984 [INFO] avantixrpa.engine - Flow finished
2025-12-01 13:04:26,986 [INFO] avantixrpa.engine - Start flow: パイセンのチャンネル (on_error=stop)
2025-12-01 13:04:26,987 [INFO] avantixrpa.engine - Step 1: print (on_error=stop)
2025-12-01 13:04:26,987 [INFO] avantixrpa.engine - Step 1 completed: print
2025-12-01 13:04:26,988 [INFO] avantixrpa.engine - Step 2: resource.open_site (on_error=stop)
2025-12-01 13:04:27,050 [INFO] avantixrpa.engine - Step 2 completed: resource.open_site
2025-12-01 13:04:27,050 [INFO] avantixrpa.engine - Step 3: wait (on_error=stop)
2025-12-01 13:04:28,051 [INFO] avantixrpa.engine - Step 3 completed: wait
2025-12-01 13:04:28,052 [INFO] avantixrpa.engine - Flow finished
2025-12-01 13:04:58,440 [INFO] avantixrpa.engine - Start flow: パイセンのチャンネル (on_error=stop)
2025-12-01 13:04:58,440 [INFO] avantixrpa.engine - Step 1: print (on_error=stop)
2025-12-01 13:04:58,440 [INFO] avantixrpa.engine - Step 1 completed: print
2025-12-01 13:04:58,441 [INFO] avantixrpa.engine - Step 2: resource.open_site (on_error=stop)
2025-12-01 13:04:58,474 [INFO] avantixrpa.engine - Step 2 completed: resource.open_site
2025-12-01 13:04:58,475 [INFO] avantixrpa.engine - Step 3: wait (on_error=stop)
2025-12-01 13:04:59,476 [INFO] avantixrpa.engine - Step 3 completed: wait
2025-12-01 13:04:59,477 [INFO] avantixrpa.engine - Flow finished
2025-12-01 13:20:34,859 [INFO] avantixrpa.engine - Start flow: パイセンのチャンネル (on_error=stop)
2025-12-01 13:20:34,859 [INFO] avantixrpa.engine - Step 1: print (on_error=stop)
2025-12-01 13:20:34,860 [INFO] avantixrpa.engine - Step 1 completed: print
2025-12-01 13:20:34,860 [INFO] avantixrpa.engine - Step 2: resource.open_site (on_error=stop)
2025-12-01 13:20:34,923 [INFO] avantixrpa.engine - Step 2 completed: resource.open_site
2025-12-01 13:20:34,923 [INFO] avantixrpa.engine - Step 3: wait (on_error=stop)
2025-12-01 13:20:35,924 [INFO] avantixrpa.engine - Step 3 completed: wait
2025-12-01 13:20:35,925 [INFO] avantixrpa.engine - Flow finished
2025-12-01 13:44:07,802 [INFO] avantixrpa.engine - Start flow: a (on_error=stop)
2025-12-01 13:44:07,803 [INFO] avantixrpa.engine - Step 1: browser.open (on_error=stop)
2025-12-01 13:44:07,870 [INFO] avantixrpa.engine - Step 1 completed: browser.open
2025-12-01 13:44:07,870 [INFO] avantixrpa.engine - Step 2: file.copy (on_error=stop)
2025-12-01 13:44:07,874 [ERROR] avantixrpa.engine - Step 2 failed: [WinError 2] 指定されたファイルが見つかりません。
Traceback (most recent call last):
  File "C:\Users\熊大病院保守担当\Desktop\AVANTIXRPA\avantixrpa\core\engine.py", line 71, in run_flow
    action.execute(context, params)
    ~~~~~~~~~~~~~~^^^^^^^^^^^^^^^^^
  File "C:\Users\熊大病院保守担当\Desktop\AVANTIXRPA\avantixrpa\actions\builtins\file_actions.py", line 31, in execute
    shutil.copy2(src_path, dst_path)
    ~~~~~~~~~~~~^^^^^^^^^^^^^^^^^^^^
  File "C:\Users\熊大病院保守担当\AppData\Local\Programs\Python\Python313\Lib\shutil.py", line 453, in copy2
    _winapi.CopyFile2(src_, dst_, flags)
    ~~~~~~~~~~~~~~~~~^^^^^^^^^^^^^^^^^^^
FileNotFoundError: [WinError 2] 指定されたファイルが見つかりません。
2025-12-01 13:44:50,331 [INFO] avantixrpa.engine - Start flow: a (on_error=stop)
2025-12-01 13:44:50,331 [INFO] avantixrpa.engine - Step 1: browser.open (on_error=stop)
2025-12-01 13:44:50,359 [INFO] avantixrpa.engine - Step 1 completed: browser.open
2025-12-01 13:44:50,360 [INFO] avantixrpa.engine - Step 2: browser.open (on_error=stop)
2025-12-01 13:44:50,383 [INFO] avantixrpa.engine - Step 2 completed: browser.open
2025-12-01 13:44:50,384 [INFO] avantixrpa.engine - Step 3: browser.open (on_error=stop)
2025-12-01 13:44:50,437 [INFO] avantixrpa.engine - Step 3 completed: browser.open
2025-12-01 13:44:50,440 [INFO] avantixrpa.engine - Flow finished
2025-12-01 13:53:43,817 [INFO] avantixrpa.engine - Start flow: ぱいせんのちゃんねる (on_error=stop)
2025-12-01 13:53:43,818 [INFO] avantixrpa.engine - Step 1: browser.open (on_error=stop)
2025-12-01 13:53:43,877 [INFO] avantixrpa.engine - Step 1 completed: browser.open
2025-12-01 13:53:43,878 [INFO] avantixrpa.engine - Step 2: browser.open (on_error=stop)
2025-12-01 13:53:43,895 [INFO] avantixrpa.engine - Step 2 completed: browser.open
2025-12-01 13:53:43,896 [INFO] avantixrpa.engine - Flow finished
2025-12-01 14:10:45,665 [INFO] avantixrpa.engine - Start flow: test (on_error=stop)
2025-12-01 14:10:45,666 [INFO] avantixrpa.engine - Step 1: resource.open_site (on_error=stop)
2025-12-01 14:10:45,667 [ERROR] avantixrpa.engine - Step 1 failed: "resources.json の 'sites' 内にキー 'paisen_channel' が見つかりません"
Traceback (most recent call last):
  File "C:\Users\熊大病院保守担当\Desktop\AVANTIXRPA\avantixrpa\core\engine.py", line 71, in run_flow
    action.execute(context, params)
    ~~~~~~~~~~~~~~^^^^^^^^^^^^^^^^^
  File "C:\Users\熊大病院保守担当\Desktop\AVANTIXRPA\avantixrpa\actions\builtins\resource_actions.py", line 51, in execute
    raise KeyError(f"resources.json の 'sites' 内にキー '{key}' が見つかりません")
KeyError: "resources.json の 'sites' 内にキー 'paisen_channel' が見つかりません"
2025-12-01 14:11:32,416 [INFO] avantixrpa.engine - Start flow: test (on_error=stop)
2025-12-01 14:11:32,417 [INFO] avantixrpa.engine - Step 1: resource.open_site (on_error=stop)
2025-12-01 14:11:32,479 [INFO] avantixrpa.engine - Step 1 completed: resource.open_site
2025-12-01 14:11:32,479 [INFO] avantixrpa.engine - Step 2: ui.move (on_error=stop)
2025-12-01 14:11:32,946 [INFO] avantixrpa.engine - Step 2 completed: ui.move
2025-12-01 14:11:32,947 [INFO] avantixrpa.engine - Step 3: ui.click (on_error=stop)
2025-12-01 14:11:33,058 [INFO] avantixrpa.engine - Step 3 completed: ui.click
2025-12-01 14:11:33,060 [INFO] avantixrpa.engine - Flow finished
2025-12-01 14:11:52,970 [INFO] avantixrpa.engine - Start flow: test (on_error=stop)
2025-12-01 14:11:52,971 [INFO] avantixrpa.engine - Step 1: resource.open_site (on_error=stop)
2025-12-01 14:11:52,992 [INFO] avantixrpa.engine - Step 1 completed: resource.open_site
2025-12-01 14:11:52,993 [INFO] avantixrpa.engine - Step 2: ui.move (on_error=stop)
2025-12-01 14:11:53,459 [INFO] avantixrpa.engine - Step 2 completed: ui.move
2025-12-01 14:11:53,461 [INFO] avantixrpa.engine - Step 3: ui.click (on_error=stop)
2025-12-01 14:11:53,577 [INFO] avantixrpa.engine - Step 3 completed: ui.click
2025-12-01 14:11:53,578 [INFO] avantixrpa.engine - Flow finished
2025-12-01 14:12:48,100 [INFO] avantixrpa.engine - Start flow: test (on_error=stop)
2025-12-01 14:12:48,101 [INFO] avantixrpa.engine - Step 1: resource.open_site (on_error=stop)
2025-12-01 14:12:48,131 [INFO] avantixrpa.engine - Step 1 completed: resource.open_site
2025-12-01 14:12:48,131 [INFO] avantixrpa.engine - Step 2: ui.move (on_error=stop)
2025-12-01 14:12:48,597 [INFO] avantixrpa.engine - Step 2 completed: ui.move
2025-12-01 14:12:48,599 [INFO] avantixrpa.engine - Step 3: ui.click (on_error=stop)
2025-12-01 14:12:48,733 [INFO] avantixrpa.engine - Step 3 completed: ui.click
2025-12-01 14:12:48,733 [INFO] avantixrpa.engine - Flow finished
2025-12-01 14:13:31,226 [INFO] avantixrpa.engine - Start flow: test (on_error=stop)
2025-12-01 14:13:31,227 [INFO] avantixrpa.engine - Step 1: resource.open_site (on_error=stop)
2025-12-01 14:13:31,251 [INFO] avantixrpa.engine - Step 1 completed: resource.open_site
2025-12-01 14:13:31,252 [INFO] avantixrpa.engine - Step 2: ui.move (on_error=stop)
2025-12-01 14:13:31,717 [INFO] avantixrpa.engine - Step 2 completed: ui.move
2025-12-01 14:13:31,718 [INFO] avantixrpa.engine - Step 3: wait (on_error=stop)
2025-12-01 14:13:34,719 [INFO] avantixrpa.engine - Step 3 completed: wait
2025-12-01 14:13:34,719 [INFO] avantixrpa.engine - Step 4: ui.click (on_error=stop)
2025-12-01 14:13:34,824 [INFO] avantixrpa.engine - Step 4 completed: ui.click
2025-12-01 14:13:34,825 [INFO] avantixrpa.engine - Flow finished
2025-12-01 14:14:36,782 [INFO] avantixrpa.engine - Start flow: test (on_error=stop)
2025-12-01 14:14:36,783 [INFO] avantixrpa.engine - Step 1: resource.open_site (on_error=stop)
2025-12-01 14:14:36,810 [INFO] avantixrpa.engine - Step 1 completed: resource.open_site
2025-12-01 14:14:36,810 [INFO] avantixrpa.engine - Step 2: ui.move (on_error=stop)
2025-12-01 14:14:37,275 [INFO] avantixrpa.engine - Step 2 completed: ui.move
2025-12-01 14:14:37,276 [INFO] avantixrpa.engine - Step 3: wait (on_error=stop)
2025-12-01 14:14:40,278 [INFO] avantixrpa.engine - Step 3 completed: wait
2025-12-01 14:14:40,279 [INFO] avantixrpa.engine - Step 4: ui.click (on_error=stop)
2025-12-01 14:14:40,389 [INFO] avantixrpa.engine - Step 4 completed: ui.click
2025-12-01 14:14:40,390 [INFO] avantixrpa.engine - Flow finished
2025-12-01 15:26:00,869 [INFO] avantixrpa.engine - Start flow: test2 (on_error=stop)
2025-12-01 15:26:00,870 [INFO] avantixrpa.engine - Step 1: resource.open_site (on_error=stop)
2025-12-01 15:26:00,938 [INFO] avantixrpa.engine - Step 1 completed: resource.open_site
2025-12-01 15:26:00,939 [INFO] avantixrpa.engine - Step 2: ui.move (on_error=stop)
2025-12-01 15:26:04,141 [INFO] avantixrpa.engine - Step 2 completed: ui.move
2025-12-01 15:26:04,142 [INFO] avantixrpa.engine - Step 3: wait (on_error=stop)
2025-12-01 15:26:06,143 [INFO] avantixrpa.engine - Step 3 completed: wait
2025-12-01 15:26:06,145 [INFO] avantixrpa.engine - Step 4: ui.click (on_error=stop)
2025-12-01 15:26:06,251 [INFO] avantixrpa.engine - Step 4 completed: ui.click
2025-12-01 15:26:06,252 [INFO] avantixrpa.engine - Flow finished
2025-12-01 16:23:10,557 [INFO] avantixrpa.engine - Start flow: test2 (on_error=stop)
2025-12-01 16:23:10,558 [INFO] avantixrpa.engine - Step 1: resource.open_site (on_error=stop)
2025-12-01 16:23:10,627 [INFO] avantixrpa.engine - Step 1 completed: resource.open_site
2025-12-01 16:23:10,627 [INFO] avantixrpa.engine - Step 2: ui.move (on_error=stop)
2025-12-01 16:23:13,816 [INFO] avantixrpa.engine - Step 2 completed: ui.move
2025-12-01 16:23:13,817 [INFO] avantixrpa.engine - Step 3: wait (on_error=stop)
2025-12-01 16:23:15,818 [INFO] avantixrpa.engine - Step 3 completed: wait
2025-12-01 16:23:15,818 [INFO] avantixrpa.engine - Step 4: ui.click (on_error=stop)
2025-12-01 16:23:15,936 [INFO] avantixrpa.engine - Step 4 completed: ui.click
2025-12-01 16:23:15,936 [INFO] avantixrpa.engine - Flow finished
2025-12-01 16:27:04,014 [INFO] avantixrpa.engine - Start flow: test2 (on_error=stop)
2025-12-01 16:27:04,015 [INFO] avantixrpa.engine - Step 1: resource.open_site (on_error=stop)
2025-12-01 16:27:04,016 [ERROR] avantixrpa.engine - Step 1 failed: "resources.json の 'sites' 内にキー 'paisen_channel' が見つかりません"
Traceback (most recent call last):
  File "C:\Users\熊大病院保守担当\Desktop\AVANTIXRPA\avantixrpa\core\engine.py", line 71, in run_flow
    action.execute(context, params)
    ~~~~~~~~~~~~~~^^^^^^^^^^^^^^^^^
  File "C:\Users\熊大病院保守担当\Desktop\AVANTIXRPA\avantixrpa\actions\builtins\resource_actions.py", line 51, in execute
    raise KeyError(f"resources.json の 'sites' 内にキー '{key}' が見つかりません")
KeyError: "resources.json の 'sites' 内にキー 'paisen_channel' が見つかりません"
2025-12-01 16:27:29,497 [INFO] avantixrpa.engine - Start flow: test2 (on_error=stop)
2025-12-01 16:27:29,497 [INFO] avantixrpa.engine - Step 1: resource.open_site (on_error=stop)
2025-12-01 16:27:29,499 [ERROR] avantixrpa.engine - Step 1 failed: "resources.json の 'sites' 内にキー 'paisen_channel' が見つかりません"
Traceback (most recent call last):
  File "C:\Users\熊大病院保守担当\Desktop\AVANTIXRPA\avantixrpa\core\engine.py", line 71, in run_flow
    action.execute(context, params)
    ~~~~~~~~~~~~~~^^^^^^^^^^^^^^^^^
  File "C:\Users\熊大病院保守担当\Desktop\AVANTIXRPA\avantixrpa\actions\builtins\resource_actions.py", line 51, in execute
    raise KeyError(f"resources.json の 'sites' 内にキー '{key}' が見つかりません")
KeyError: "resources.json の 'sites' 内にキー 'paisen_channel' が見つかりません"
2025-12-01 16:28:09,079 [INFO] avantixrpa.engine - Start flow: test2 (on_error=stop)
2025-12-01 16:28:09,080 [INFO] avantixrpa.engine - Step 1: resource.open_site (on_error=stop)
2025-12-01 16:28:09,089 [ERROR] avantixrpa.engine - Step 1 failed: startfile: filepath should be string, bytes or os.PathLike, not dict
Traceback (most recent call last):
  File "C:\Users\熊大病院保守担当\Desktop\AVANTIXRPA\avantixrpa\core\engine.py", line 71, in run_flow
    action.execute(context, params)
    ~~~~~~~~~~~~~~^^^^^^^^^^^^^^^^^
  File "C:\Users\熊大病院保守担当\Desktop\AVANTIXRPA\avantixrpa\actions\builtins\resource_actions.py", line 54, in execute
    opened = webbrowser.open(url, new=2)
  File "C:\Users\熊大病院保守担当\AppData\Local\Programs\Python\Python313\Lib\webbrowser.py", line 94, in open
    if browser.open(url, new, autoraise):
       ~~~~~~~~~~~~^^^^^^^^^^^^^^^^^^^^^
  File "C:\Users\熊大病院保守担当\AppData\Local\Programs\Python\Python313\Lib\webbrowser.py", line 580, in open
    os.startfile(url)
    ~~~~~~~~~~~~^^^^^
TypeError: startfile: filepath should be string, bytes or os.PathLike, not dict
2025-12-01 16:29:37,098 [INFO] avantixrpa.engine - Start flow: test2 (on_error=stop)
2025-12-01 16:29:37,099 [INFO] avantixrpa.engine - Step 1: resource.open_site (on_error=stop)
2025-12-01 16:29:37,100 [ERROR] avantixrpa.engine - Step 1 failed: startfile: filepath should be string, bytes or os.PathLike, not dict
Traceback (most recent call last):
  File "C:\Users\熊大病院保守担当\Desktop\AVANTIXRPA\avantixrpa\core\engine.py", line 71, in run_flow
    action.execute(context, params)
    ~~~~~~~~~~~~~~^^^^^^^^^^^^^^^^^
  File "C:\Users\熊大病院保守担当\Desktop\AVANTIXRPA\avantixrpa\actions\builtins\resource_actions.py", line 54, in execute
    opened = webbrowser.open(url, new=2)
  File "C:\Users\熊大病院保守担当\AppData\Local\Programs\Python\Python313\Lib\webbrowser.py", line 94, in open
    if browser.open(url, new, autoraise):
       ~~~~~~~~~~~~^^^^^^^^^^^^^^^^^^^^^
  File "C:\Users\熊大病院保守担当\AppData\Local\Programs\Python\Python313\Lib\webbrowser.py", line 580, in open
    os.startfile(url)
    ~~~~~~~~~~~~^^^^^
TypeError: startfile: filepath should be string, bytes or os.PathLike, not dict
2025-12-01 16:30:14,031 [INFO] avantixrpa.engine - Start flow: test2 (on_error=stop)
2025-12-01 16:30:14,032 [INFO] avantixrpa.engine - Step 1: resource.open_site (on_error=stop)
2025-12-01 16:30:14,032 [ERROR] avantixrpa.engine - Step 1 failed: startfile: filepath should be string, bytes or os.PathLike, not dict
Traceback (most recent call last):
  File "C:\Users\熊大病院保守担当\Desktop\AVANTIXRPA\avantixrpa\core\engine.py", line 71, in run_flow
    action.execute(context, params)
    ~~~~~~~~~~~~~~^^^^^^^^^^^^^^^^^
  File "C:\Users\熊大病院保守担当\Desktop\AVANTIXRPA\avantixrpa\actions\builtins\resource_actions.py", line 54, in execute
    opened = webbrowser.open(url, new=2)
  File "C:\Users\熊大病院保守担当\AppData\Local\Programs\Python\Python313\Lib\webbrowser.py", line 94, in open
    if browser.open(url, new, autoraise):
       ~~~~~~~~~~~~^^^^^^^^^^^^^^^^^^^^^
  File "C:\Users\熊大病院保守担当\AppData\Local\Programs\Python\Python313\Lib\webbrowser.py", line 580, in open
    os.startfile(url)
    ~~~~~~~~~~~~^^^^^
TypeError: startfile: filepath should be string, bytes or os.PathLike, not dict
2025-12-01 16:30:51,740 [INFO] avantixrpa.engine - Start flow: test2 (on_error=stop)
2025-12-01 16:30:51,740 [INFO] avantixrpa.engine - Step 1: resource.open_site (on_error=stop)
2025-12-01 16:30:51,751 [ERROR] avantixrpa.engine - Step 1 failed: startfile: filepath should be string, bytes or os.PathLike, not dict
Traceback (most recent call last):
  File "C:\Users\熊大病院保守担当\Desktop\AVANTIXRPA\avantixrpa\core\engine.py", line 71, in run_flow
    action.execute(context, params)
    ~~~~~~~~~~~~~~^^^^^^^^^^^^^^^^^
  File "C:\Users\熊大病院保守担当\Desktop\AVANTIXRPA\avantixrpa\actions\builtins\resource_actions.py", line 54, in execute
    opened = webbrowser.open(url, new=2)
  File "C:\Users\熊大病院保守担当\AppData\Local\Programs\Python\Python313\Lib\webbrowser.py", line 94, in open
    if browser.open(url, new, autoraise):
       ~~~~~~~~~~~~^^^^^^^^^^^^^^^^^^^^^
  File "C:\Users\熊大病院保守担当\AppData\Local\Programs\Python\Python313\Lib\webbrowser.py", line 580, in open
    os.startfile(url)
    ~~~~~~~~~~~~^^^^^
TypeError: startfile: filepath should be string, bytes or os.PathLike, not dict
2025-12-01 16:34:14,600 [INFO] avantixrpa.engine - Start flow: test2 (on_error=stop)
2025-12-01 16:34:14,601 [INFO] avantixrpa.engine - Step 1: resource.open_site (on_error=stop)
2025-12-01 16:34:14,601 [ERROR] avantixrpa.engine - Unknown action: 'resource.open_site'
2025-12-01 16:37:49,014 [INFO] avantixrpa.engine - Start flow: ぱいせえええええええええん (on_error=stop)
2025-12-01 16:37:49,014 [INFO] avantixrpa.engine - Step 1: resource.open_site (on_error=stop)
2025-12-01 16:37:49,014 [ERROR] avantixrpa.engine - Unknown action: 'resource.open_site'
2025-12-01 16:39:41,118 [INFO] avantixrpa.engine - Start flow: ぱいせえええええええええん (on_error=stop)
2025-12-01 16:39:41,119 [INFO] avantixrpa.engine - Step 1: resource.open_site (on_error=stop)
2025-12-01 16:39:41,120 [ERROR] avantixrpa.engine - Unknown action: 'resource.open_site'
2025-12-01 16:40:56,622 [INFO] avantixrpa.engine - Start flow: ぱいせえええええええええん (on_error=stop)
2025-12-01 16:40:56,622 [INFO] avantixrpa.engine - Step 1: resource.open_site (on_error=stop)
2025-12-01 16:41:00,224 [INFO] avantixrpa.engine - Start flow: test2 (on_error=stop)
2025-12-01 16:41:00,226 [INFO] avantixrpa.engine - Step 1: resource.open_site (on_error=stop)
2025-12-01 16:41:09,191 [INFO] avantixrpa.engine - Start flow: ぱいせえええええええええん (on_error=stop)
2025-12-01 16:41:09,192 [INFO] avantixrpa.engine - Step 1: resource.open_site (on_error=stop)
2025-12-01 17:28:40,126 [INFO] avantixrpa.engine - Start flow: ぱいせえええええええええん (on_error=stop)
2025-12-01 17:28:40,127 [INFO] avantixrpa.engine - Step 1: resource.open_site (on_error=stop)
2025-12-01 17:30:02,920 [INFO] avantixrpa.engine - Start flow: aaa (on_error=stop)
2025-12-01 17:30:02,921 [INFO] avantixrpa.engine - Step 1: resource.open_site (on_error=stop)
2025-12-02 08:48:32,469 [INFO] avantixrpa.engine - Start flow: AVANTIXRPA - Open portal from resources (on_error=stop)
2025-12-02 08:48:32,470 [INFO] avantixrpa.engine - Step 1: print (on_error=stop)
2025-12-02 09:05:17,317 [INFO] avantixrpa.engine - Start flow: ぱいせえええええええええん (on_error=stop)
2025-12-02 09:05:17,318 [INFO] avantixrpa.engine - Step 1: resource.open_site (on_error=stop)
2025-12-02 09:05:17,380 [INFO] avantixrpa.engine - Step 1 completed: resource.open_site
2025-12-02 09:05:17,380 [INFO] avantixrpa.engine - Step 2: ui.move (on_error=stop)
2025-12-02 09:05:19,560 [INFO] avantixrpa.engine - Step 2 completed: ui.move
2025-12-02 09:05:19,561 [INFO] avantixrpa.engine - Step 3: wait (on_error=stop)
2025-12-02 09:05:21,562 [INFO] avantixrpa.engine - Step 3 completed: wait
2025-12-02 09:05:21,563 [INFO] avantixrpa.engine - Step 4: ui.click (on_error=stop)
2025-12-02 09:05:21,669 [INFO] avantixrpa.engine - Step 4 completed: ui.click
2025-12-02 09:05:21,671 [INFO] avantixrpa.engine - Flow finished
2025-12-02 09:33:00,541 [INFO] avantixrpa.engine - Start flow: スキャン (on_error=stop)
2025-12-02 09:33:00,542 [INFO] avantixrpa.engine - Step 1: run.program (on_error=stop)
2025-12-02 09:33:00,617 [INFO] avantixrpa.engine - Step 1 completed: run.program
2025-12-02 09:33:00,618 [INFO] avantixrpa.engine - Flow finished
2025-12-02 09:34:07,861 [INFO] avantixrpa.engine - Start flow: スキャン (on_error=stop)
2025-12-02 09:34:07,862 [INFO] avantixrpa.engine - Step 1: run.program (on_error=stop)
2025-12-02 09:34:11,670 [INFO] avantixrpa.engine - Step 1 completed: run.program
2025-12-02 09:34:11,670 [INFO] avantixrpa.engine - Flow finished
2025-12-02 09:34:19,045 [INFO] avantixrpa.engine - Start flow: スキャン (on_error=stop)
2025-12-02 09:34:19,046 [INFO] avantixrpa.engine - Step 1: run.program (on_error=stop)
2025-12-02 09:34:19,056 [INFO] avantixrpa.engine - Step 1 completed: run.program
2025-12-02 09:34:19,057 [INFO] avantixrpa.engine - Flow finished
2025-12-02 10:06:17,253 [INFO] avantixrpa.engine - Start flow: すきゃんんん (on_error=stop)
2025-12-02 10:06:17,254 [INFO] avantixrpa.engine - Step 1: run.program (on_error=stop)
2025-12-02 10:06:17,263 [INFO] avantixrpa.engine - Step 1 completed: run.program
2025-12-02 10:06:17,264 [INFO] avantixrpa.engine - Flow finished
2025-12-02 10:06:21,397 [INFO] avantixrpa.engine - Start flow: すきゃんんん (on_error=stop)
2025-12-02 10:06:21,398 [INFO] avantixrpa.engine - Step 1: run.program (on_error=stop)
2025-12-02 10:06:21,408 [INFO] avantixrpa.engine - Step 1 completed: run.program
2025-12-02 10:06:21,409 [INFO] avantixrpa.engine - Flow finished
2025-12-02 10:16:45,895 [INFO] avantixrpa.engine - Start flow: scan (on_error=stop)
2025-12-02 10:16:45,896 [INFO] avantixrpa.engine - Step 1: run.program (on_error=stop)
2025-12-02 10:16:45,898 [ERROR] avantixrpa.engine - Step 1 failed: [WinError 193] %1 は有効な Win32 アプリケーションではありません。
Traceback (most recent call last):
  File "C:\Users\熊大病院保守担当\Desktop\AVANTIXRPA\avantixrpa\core\engine.py", line 71, in run_flow
    action.execute(context, params)
    ~~~~~~~~~~~~~~^^^^^^^^^^^^^^^^^
  File "C:\Users\熊大病院保守担当\Desktop\AVANTIXRPA\avantixrpa\actions\builtins\run_program_action.py", line 43, in execute
    subprocess.Popen(cmd_list)
    ~~~~~~~~~~~~~~~~^^^^^^^^^^
  File "C:\Users\熊大病院保守担当\AppData\Local\Programs\Python\Python313\Lib\subprocess.py", line 1039, in __init__
    self._execute_child(args, executable, preexec_fn, close_fds,
    ~~~~~~~~~~~~~~~~~~~^^^^^^^^^^^^^^^^^^^^^^^^^^^^^^^^^^^^^^^^^
                        pass_fds, cwd, env,
                        ^^^^^^^^^^^^^^^^^^^
    ...<5 lines>...
                        gid, gids, uid, umask,
                        ^^^^^^^^^^^^^^^^^^^^^^
                        start_new_session, process_group)
                        ^^^^^^^^^^^^^^^^^^^^^^^^^^^^^^^^^
  File "C:\Users\熊大病院保守担当\AppData\Local\Programs\Python\Python313\Lib\subprocess.py", line 1551, in _execute_child
    hp, ht, pid, tid = _winapi.CreateProcess(executable, args,
                       ~~~~~~~~~~~~~~~~~~~~~^^^^^^^^^^^^^^^^^^
                             # no special security
                             ^^^^^^^^^^^^^^^^^^^^^
    ...<4 lines>...
                             cwd,
                             ^^^^
                             startupinfo)
                             ^^^^^^^^^^^^
OSError: [WinError 193] %1 は有効な Win32 アプリケーションではありません。
2025-12-02 10:17:08,578 [INFO] avantixrpa.engine - Start flow: scan (on_error=stop)
2025-12-02 10:17:08,578 [INFO] avantixrpa.engine - Step 1: run.program (on_error=stop)
2025-12-02 10:17:08,586 [INFO] avantixrpa.engine - Step 1 completed: run.program
2025-12-02 10:17:08,586 [INFO] avantixrpa.engine - Flow finished
2025-12-02 10:27:17,391 [INFO] avantixrpa.engine - Start flow: test (on_error=stop)
2025-12-02 10:27:17,392 [INFO] avantixrpa.engine - Step 1: resource.open_site (on_error=stop)
2025-12-02 10:27:17,453 [INFO] avantixrpa.engine - Step 1 completed: resource.open_site
2025-12-02 10:27:17,453 [INFO] avantixrpa.engine - Step 2: ui.move (on_error=stop)
2025-12-02 10:27:17,919 [INFO] avantixrpa.engine - Step 2 completed: ui.move
2025-12-02 10:27:17,920 [INFO] avantixrpa.engine - Step 3: wait (on_error=stop)
2025-12-02 10:27:20,921 [INFO] avantixrpa.engine - Step 3 completed: wait
2025-12-02 10:27:20,922 [INFO] avantixrpa.engine - Step 4: ui.click (on_error=stop)
2025-12-02 10:27:21,029 [INFO] avantixrpa.engine - Step 4 completed: ui.click
2025-12-02 10:27:21,030 [INFO] avantixrpa.engine - Flow finished
2025-12-02 10:27:22,519 [INFO] avantixrpa.engine - Start flow: scan (on_error=stop)
2025-12-02 10:27:22,520 [INFO] avantixrpa.engine - Step 1: run.program (on_error=stop)
2025-12-02 10:27:22,600 [INFO] avantixrpa.engine - Step 1 completed: run.program
2025-12-02 10:27:22,600 [INFO] avantixrpa.engine - Flow finished
2025-12-02 11:01:27,168 [INFO] avantixrpa.engine - Start flow: スクロールテスト (on_error=stop)
2025-12-02 11:01:27,168 [INFO] avantixrpa.engine - Step 1: wait (on_error=stop)
2025-12-02 11:01:29,169 [INFO] avantixrpa.engine - Step 1 completed: wait
2025-12-02 11:01:29,171 [INFO] avantixrpa.engine - Step 2: ui.scroll (on_error=stop)
2025-12-02 11:01:29,273 [INFO] avantixrpa.engine - Step 2 completed: ui.scroll
2025-12-02 11:01:29,274 [INFO] avantixrpa.engine - Step 3: wait (on_error=stop)
2025-12-02 11:01:30,276 [INFO] avantixrpa.engine - Step 3 completed: wait
2025-12-02 11:01:30,277 [INFO] avantixrpa.engine - Step 4: ui.scroll (on_error=stop)
2025-12-02 11:01:30,379 [INFO] avantixrpa.engine - Step 4 completed: ui.scroll
2025-12-02 11:01:30,380 [INFO] avantixrpa.engine - Flow finished
2025-12-02 11:01:34,950 [INFO] avantixrpa.engine - Start flow: スクロールテスト (on_error=stop)
2025-12-02 11:01:34,950 [INFO] avantixrpa.engine - Step 1: wait (on_error=stop)
2025-12-02 11:01:36,951 [INFO] avantixrpa.engine - Step 1 completed: wait
2025-12-02 11:01:36,952 [INFO] avantixrpa.engine - Step 2: ui.scroll (on_error=stop)
2025-12-02 11:01:37,054 [INFO] avantixrpa.engine - Step 2 completed: ui.scroll
2025-12-02 11:01:37,055 [INFO] avantixrpa.engine - Step 3: wait (on_error=stop)
2025-12-02 11:01:38,059 [INFO] avantixrpa.engine - Step 3 completed: wait
2025-12-02 11:01:38,061 [INFO] avantixrpa.engine - Step 4: ui.scroll (on_error=stop)
2025-12-02 11:01:38,163 [INFO] avantixrpa.engine - Step 4 completed: ui.scroll
2025-12-02 11:01:38,165 [INFO] avantixrpa.engine - Flow finished
2025-12-02 11:46:21,058 [INFO] avantixrpa.engine - Start flow: GPT (on_error=stop)
2025-12-02 11:46:21,059 [INFO] avantixrpa.engine - Step 1: resource.open_site (on_error=stop)
2025-12-02 11:46:21,121 [INFO] avantixrpa.engine - Step 1 completed: resource.open_site
2025-12-02 11:46:21,121 [INFO] avantixrpa.engine - Flow finished
2025-12-02 13:02:29,522 [INFO] avantixrpa.engine - Start flow: スクロールテスト (on_error=stop)
2025-12-02 13:02:29,523 [INFO] avantixrpa.engine - Step 1: wait (on_error=stop)
2025-12-02 13:02:31,524 [INFO] avantixrpa.engine - Step 1 completed: wait
2025-12-02 13:02:31,526 [INFO] avantixrpa.engine - Step 2: ui.scroll (on_error=stop)
2025-12-02 13:02:31,628 [INFO] avantixrpa.engine - Step 2 completed: ui.scroll
2025-12-02 13:02:31,630 [INFO] avantixrpa.engine - Step 3: wait (on_error=stop)
2025-12-02 13:02:32,631 [INFO] avantixrpa.engine - Step 3 completed: wait
2025-12-02 13:02:32,633 [INFO] avantixrpa.engine - Step 4: ui.scroll (on_error=stop)
2025-12-02 13:02:32,736 [INFO] avantixrpa.engine - Step 4 completed: ui.scroll
2025-12-02 13:02:32,737 [INFO] avantixrpa.engine - Flow finished
2025-12-02 17:07:37,737 [INFO] avantixrpa.engine - Start flow: ぱいせえええええええええん (on_error=stop)
2025-12-02 17:07:37,738 [INFO] avantixrpa.engine - Step 1: resource.open_site (on_error=stop)
2025-12-02 17:07:37,818 [INFO] avantixrpa.engine - Step 1 completed: resource.open_site
2025-12-02 17:07:37,819 [INFO] avantixrpa.engine - Step 2: ui.move (on_error=stop)
2025-12-02 17:07:39,996 [INFO] avantixrpa.engine - Step 2 completed: ui.move
2025-12-02 17:07:39,997 [INFO] avantixrpa.engine - Step 3: wait (on_error=stop)
2025-12-02 17:07:41,998 [INFO] avantixrpa.engine - Step 3 completed: wait
2025-12-02 17:07:41,999 [INFO] avantixrpa.engine - Step 4: ui.click (on_error=stop)
2025-12-02 17:07:42,107 [INFO] avantixrpa.engine - Step 4 completed: ui.click
2025-12-02 17:07:42,108 [INFO] avantixrpa.engine - Flow finished
2025-12-02 17:15:35,589 [INFO] avantixrpa.engine - Start flow: AVANTIXRPA - Open portal from resources (on_error=stop)
2025-12-02 17:15:35,590 [INFO] avantixrpa.engine - Step 1: print (on_error=stop)
2025-12-02 17:15:35,590 [INFO] avantixrpa.engine - Step 1 completed: print
2025-12-02 17:15:35,591 [INFO] avantixrpa.engine - Step 2: resource.open_site (on_error=stop)
2025-12-02 17:15:35,652 [INFO] avantixrpa.engine - Step 2 completed: resource.open_site
2025-12-02 17:15:35,653 [INFO] avantixrpa.engine - Step 3: wait (on_error=stop)
2025-12-02 17:15:36,655 [INFO] avantixrpa.engine - Step 3 completed: wait
2025-12-02 17:15:36,655 [INFO] avantixrpa.engine - Step 4: print (on_error=stop)
2025-12-02 17:15:36,656 [INFO] avantixrpa.engine - Step 4 completed: print
2025-12-02 17:15:36,656 [INFO] avantixrpa.engine - Flow finished
2025-12-03 14:28:29,320 [INFO] avantixrpa.engine - Start flow: すきゃんんん (on_error=stop)
2025-12-03 14:28:29,321 [INFO] avantixrpa.engine - Step 1: run.program (on_error=stop)
2025-12-03 14:28:29,339 [INFO] avantixrpa.engine - Step 1 completed: run.program
2025-12-03 14:28:29,339 [INFO] avantixrpa.engine - Flow finished
2025-12-03 15:44:22,661 [INFO] avantixrpa.engine - Start flow: ぱいせえええええええええん (on_error=stop)
2025-12-03 15:44:22,662 [INFO] avantixrpa.engine - Step 1: resource.open_site (on_error=stop)
2025-12-03 15:44:22,733 [INFO] avantixrpa.engine - Step 1 completed: resource.open_site
2025-12-03 15:44:22,733 [INFO] avantixrpa.engine - Step 2: ui.move (on_error=stop)
2025-12-03 15:44:24,908 [INFO] avantixrpa.engine - Step 2 completed: ui.move
2025-12-03 15:44:24,909 [INFO] avantixrpa.engine - Step 3: wait (on_error=stop)
2025-12-03 15:44:26,909 [INFO] avantixrpa.engine - Step 3 completed: wait
2025-12-03 15:44:26,911 [INFO] avantixrpa.engine - Step 4: ui.click (on_error=stop)
2025-12-03 15:44:27,023 [INFO] avantixrpa.engine - Step 4 completed: ui.click
2025-12-03 15:44:27,024 [INFO] avantixrpa.engine - Flow finished
2025-12-03 15:44:50,305 [INFO] avantixrpa.engine - Start flow: スキャン (on_error=stop)
2025-12-03 15:44:50,306 [INFO] avantixrpa.engine - Step 1: run.program (on_error=stop)
2025-12-03 15:44:50,315 [INFO] avantixrpa.engine - Step 1 completed: run.program
2025-12-03 15:44:50,316 [INFO] avantixrpa.engine - Flow finished
2025-12-05 14:42:29,850 [INFO] avantixrpa.engine - Start flow: ぱいせえええええええええん (on_error=stop)
2025-12-05 14:42:29,851 [INFO] avantixrpa.engine - Step 1: resource.open_site (on_error=stop)
2025-12-05 14:42:29,921 [INFO] avantixrpa.engine - Step 1 completed: resource.open_site
2025-12-05 14:42:29,921 [INFO] avantixrpa.engine - Step 2: ui.move (on_error=stop)
2025-12-05 14:42:32,102 [INFO] avantixrpa.engine - Step 2 completed: ui.move
2025-12-05 14:42:32,103 [INFO] avantixrpa.engine - Step 3: wait (on_error=stop)
2025-12-05 14:42:34,105 [INFO] avantixrpa.engine - Step 3 completed: wait
2025-12-05 14:42:34,106 [INFO] avantixrpa.engine - Step 4: ui.click (on_error=stop)
2025-12-05 14:42:34,227 [INFO] avantixrpa.engine - Step 4 completed: ui.click
2025-12-05 14:42:34,228 [INFO] avantixrpa.engine - Flow finished
2025-12-05 14:44:24,238 [INFO] avantixrpa.engine - Start flow: ぱいせえええええええええん (on_error=stop)
2025-12-05 14:44:24,239 [INFO] avantixrpa.engine - Step 1: resource.open_site (on_error=stop)
2025-12-05 14:44:24,265 [INFO] avantixrpa.engine - Step 1 completed: resource.open_site
2025-12-05 14:44:24,266 [INFO] avantixrpa.engine - Step 2: ui.move (on_error=stop)
2025-12-05 14:44:26,442 [INFO] avantixrpa.engine - Step 2 completed: ui.move
2025-12-05 14:44:26,443 [INFO] avantixrpa.engine - Step 3: wait (on_error=stop)
2025-12-05 14:44:28,444 [INFO] avantixrpa.engine - Step 3 completed: wait
2025-12-05 14:44:28,445 [INFO] avantixrpa.engine - Step 4: ui.click (on_error=stop)
2025-12-05 14:44:28,563 [INFO] avantixrpa.engine - Step 4 completed: ui.click
2025-12-05 14:44:28,565 [INFO] avantixrpa.engine - Flow finished
2025-12-05 16:54:43,409 [INFO] avantixrpa.engine - Start flow: ぱいせんのちゃんねる (on_error=stop)
2025-12-05 16:54:43,410 [INFO] avantixrpa.engine - Step 1: browser.open (on_error=stop)
2025-12-05 16:54:43,485 [INFO] avantixrpa.engine - Step 1 completed: browser.open
2025-12-05 16:54:43,485 [INFO] avantixrpa.engine - Step 2: browser.open (on_error=stop)
2025-12-05 16:54:43,504 [INFO] avantixrpa.engine - Step 2 completed: browser.open
2025-12-05 16:54:43,505 [INFO] avantixrpa.engine - Flow finished
2025-12-05 16:55:09,248 [INFO] avantixrpa.engine - Start flow: スクロールテスト (on_error=stop)
2025-12-05 16:55:09,249 [INFO] avantixrpa.engine - Step 1: wait (on_error=stop)
2025-12-05 16:55:11,250 [INFO] avantixrpa.engine - Step 1 completed: wait
2025-12-05 16:55:11,251 [INFO] avantixrpa.engine - Step 2: ui.scroll (on_error=stop)
2025-12-05 16:55:11,353 [INFO] avantixrpa.engine - Step 2 completed: ui.scroll
2025-12-05 16:55:11,357 [INFO] avantixrpa.engine - Step 3: wait (on_error=stop)
2025-12-05 16:55:12,358 [INFO] avantixrpa.engine - Step 3 completed: wait
2025-12-05 16:55:12,360 [INFO] avantixrpa.engine - Step 4: ui.scroll (on_error=stop)
2025-12-05 16:55:12,462 [INFO] avantixrpa.engine - Step 4 completed: ui.scroll
2025-12-05 16:55:12,464 [INFO] avantixrpa.engine - Flow finished
2025-12-05 16:55:26,120 [INFO] avantixrpa.engine - Start flow: すきゃんんん (on_error=stop)
2025-12-05 16:55:26,120 [INFO] avantixrpa.engine - Step 1: run.program (on_error=stop)
2025-12-05 16:55:26,137 [INFO] avantixrpa.engine - Step 1 completed: run.program
2025-12-05 16:55:26,137 [INFO] avantixrpa.engine - Flow finished
2025-12-05 17:19:03,955 [INFO] avantixrpa.engine - Start flow: ぱいせえええええええええん (on_error=stop)
2025-12-05 17:19:03,956 [INFO] avantixrpa.engine - Step 1: resource.open_site (on_error=stop)
2025-12-05 17:19:04,019 [INFO] avantixrpa.engine - Step 1 completed: resource.open_site
2025-12-05 17:19:04,021 [INFO] avantixrpa.engine - Step 2: ui.move (on_error=stop)
2025-12-05 17:19:06,195 [INFO] avantixrpa.engine - Step 2 completed: ui.move
2025-12-05 17:19:06,195 [INFO] avantixrpa.engine - Step 3: wait (on_error=stop)
2025-12-05 17:19:08,196 [INFO] avantixrpa.engine - Step 3 completed: wait
2025-12-05 17:19:08,197 [INFO] avantixrpa.engine - Step 4: ui.click (on_error=stop)
2025-12-05 17:19:08,310 [INFO] avantixrpa.engine - Step 4 completed: ui.click
2025-12-05 17:19:08,311 [INFO] avantixrpa.engine - Flow finished
2025-12-08 10:48:47,324 [INFO] avantixrpa.engine - Start flow: ぱいせえええええええええん (on_error=stop)
2025-12-08 10:48:47,325 [INFO] avantixrpa.engine - Step 1: resource.open_site (on_error=stop)
2025-12-08 10:48:47,394 [INFO] avantixrpa.engine - Step 1 completed: resource.open_site
2025-12-08 10:48:47,395 [INFO] avantixrpa.engine - Step 2: ui.move (on_error=stop)
2025-12-08 10:48:49,577 [INFO] avantixrpa.engine - Step 2 completed: ui.move
2025-12-08 10:48:49,577 [INFO] avantixrpa.engine - Step 3: wait (on_error=stop)
2025-12-08 10:48:51,580 [INFO] avantixrpa.engine - Step 3 completed: wait
2025-12-08 10:48:51,582 [INFO] avantixrpa.engine - Step 4: ui.click (on_error=stop)
2025-12-08 10:48:51,701 [INFO] avantixrpa.engine - Step 4 completed: ui.click
2025-12-08 10:48:51,702 [INFO] avantixrpa.engine - Flow finished
2025-12-08 14:56:05,486 [INFO] avantixrpa.engine - Start flow: AVANTIXRPA - Log backup sample (on_error=stop)
2025-12-08 14:56:05,491 [INFO] avantixrpa.engine - Step 1: print (on_error=stop)
2025-12-08 14:56:05,492 [INFO] avantixrpa.engine - Step 1 completed: print
2025-12-08 14:56:05,493 [INFO] avantixrpa.engine - Step 2: file.copy (on_error=stop)
2025-12-08 14:56:05,503 [INFO] avantixrpa.engine - Step 2 completed: file.copy
2025-12-08 14:56:05,504 [INFO] avantixrpa.engine - Step 3: print (on_error=stop)
2025-12-08 14:56:05,504 [INFO] avantixrpa.engine - Step 3 completed: print
2025-12-08 14:56:05,504 [INFO] avantixrpa.engine - Flow finished
2025-12-08 14:56:30,523 [INFO] avantixrpa.engine - Start flow: AVANTIXRPA - Notepad test flow (on_error=stop)
2025-12-08 14:56:30,524 [INFO] avantixrpa.engine - Step 1: print (on_error=stop)
2025-12-08 14:56:30,525 [INFO] avantixrpa.engine - Step 1 completed: print
2025-12-08 14:56:30,527 [INFO] avantixrpa.engine - Step 2: run.program (on_error=stop)
2025-12-08 14:56:30,527 [INFO] avantixrpa.engine - Step 2 completed: run.program
2025-12-08 14:56:30,528 [INFO] avantixrpa.engine - Step 3: wait (on_error=stop)
2025-12-08 14:56:32,528 [INFO] avantixrpa.engine - Step 3 completed: wait
2025-12-08 14:56:32,531 [INFO] avantixrpa.engine - Step 4: print (on_error=stop)
2025-12-08 14:56:32,532 [INFO] avantixrpa.engine - Step 4 completed: print
2025-12-08 14:56:32,534 [INFO] avantixrpa.engine - Step 5: print (on_error=stop)
2025-12-08 14:56:32,535 [INFO] avantixrpa.engine - Step 5 completed: print
2025-12-08 14:56:32,536 [INFO] avantixrpa.engine - Flow finished
2025-12-08 14:56:56,039 [INFO] avantixrpa.engine - Start flow: AVANTIXRPA - Notepad test flow (on_error=stop)
2025-12-08 14:56:56,039 [INFO] avantixrpa.engine - Step 1: print (on_error=stop)
2025-12-08 14:56:56,040 [INFO] avantixrpa.engine - Step 1 completed: print
2025-12-08 14:56:56,041 [INFO] avantixrpa.engine - Step 2: run.program (on_error=stop)
2025-12-08 14:56:56,041 [INFO] avantixrpa.engine - Step 2 completed: run.program
2025-12-08 14:56:56,042 [INFO] avantixrpa.engine - Step 3: wait (on_error=stop)
2025-12-08 14:56:58,043 [INFO] avantixrpa.engine - Step 3 completed: wait
2025-12-08 14:56:58,044 [INFO] avantixrpa.engine - Step 4: print (on_error=stop)
2025-12-08 14:56:58,045 [INFO] avantixrpa.engine - Step 4 completed: print
2025-12-08 14:56:58,046 [INFO] avantixrpa.engine - Step 5: print (on_error=stop)
2025-12-08 14:56:58,047 [INFO] avantixrpa.engine - Step 5 completed: print
2025-12-08 14:56:58,047 [INFO] avantixrpa.engine - Flow finished
2025-12-08 14:57:07,153 [INFO] avantixrpa.engine - Start flow: AVANTIXRPA - Notepad test flow (on_error=stop)
2025-12-08 14:57:07,153 [INFO] avantixrpa.engine - Step 1: print (on_error=stop)
2025-12-08 14:57:07,154 [INFO] avantixrpa.engine - Step 1 completed: print
2025-12-08 14:57:07,154 [INFO] avantixrpa.engine - Step 2: run.program (on_error=stop)
2025-12-08 14:57:07,155 [INFO] avantixrpa.engine - Step 2 completed: run.program
2025-12-08 14:57:07,155 [INFO] avantixrpa.engine - Step 3: wait (on_error=stop)
2025-12-08 14:57:09,156 [INFO] avantixrpa.engine - Step 3 completed: wait
2025-12-08 14:57:09,158 [INFO] avantixrpa.engine - Step 4: print (on_error=stop)
2025-12-08 14:57:09,158 [INFO] avantixrpa.engine - Step 4 completed: print
2025-12-08 14:57:09,159 [INFO] avantixrpa.engine - Step 5: print (on_error=stop)
2025-12-08 14:57:09,160 [INFO] avantixrpa.engine - Step 5 completed: print
2025-12-08 14:57:09,166 [INFO] avantixrpa.engine - Flow finished
2025-12-09 08:59:58,532 [INFO] avantixrpa.engine - Start flow: スキャン (on_error=stop)
2025-12-09 08:59:58,533 [INFO] avantixrpa.engine - Step 1: run.program (on_error=stop)
2025-12-09 08:59:58,541 [INFO] avantixrpa.engine - Step 1 completed: run.program
2025-12-09 08:59:58,543 [INFO] avantixrpa.engine - Flow finished
2025-12-09 09:03:29,844 [INFO] avantixrpa.engine - Start flow: スキャン (on_error=stop)
2025-12-09 09:03:29,845 [INFO] avantixrpa.engine - Step 1: run.program (on_error=stop)
2025-12-09 09:03:29,853 [INFO] avantixrpa.engine - Step 1 completed: run.program
2025-12-09 09:03:29,854 [INFO] avantixrpa.engine - Flow finished
2025-12-09 09:03:41,483 [INFO] avantixrpa.engine - Start flow: スキャン (on_error=stop)
2025-12-09 09:03:41,483 [INFO] avantixrpa.engine - Step 1: run.program (on_error=stop)
2025-12-09 09:03:41,488 [INFO] avantixrpa.engine - Step 1 completed: run.program
2025-12-09 09:03:41,490 [INFO] avantixrpa.engine - Flow finished
2025-12-09 09:05:14,698 [INFO] avantixrpa.engine - Start flow: スキャン (on_error=stop)
2025-12-09 09:05:14,698 [INFO] avantixrpa.engine - Step 1: run.program (on_error=stop)
2025-12-09 09:05:14,703 [INFO] avantixrpa.engine - Step 1 completed: run.program
2025-12-09 09:05:14,705 [INFO] avantixrpa.engine - Flow finished
2025-12-09 09:06:06,598 [INFO] avantixrpa.engine - Start flow: スキャン (on_error=stop)
2025-12-09 09:06:06,599 [INFO] avantixrpa.engine - Step 1: run.program (on_error=stop)
2025-12-09 09:06:06,606 [INFO] avantixrpa.engine - Step 1 completed: run.program
2025-12-09 09:06:06,608 [INFO] avantixrpa.engine - Step 2: wait (on_error=stop)
2025-12-09 09:06:08,609 [INFO] avantixrpa.engine - Step 2 completed: wait
2025-12-09 09:06:08,611 [INFO] avantixrpa.engine - Step 3: ui.move (on_error=stop)
2025-12-09 09:06:09,777 [INFO] avantixrpa.engine - Step 3 completed: ui.move
2025-12-09 09:06:09,778 [INFO] avantixrpa.engine - Step 4: ui.click (on_error=stop)
2025-12-09 09:06:09,884 [INFO] avantixrpa.engine - Step 4 completed: ui.click
2025-12-09 09:06:09,885 [INFO] avantixrpa.engine - Step 5: wait (on_error=stop)
2025-12-09 09:06:10,886 [INFO] avantixrpa.engine - Step 5 completed: wait
2025-12-09 09:06:10,887 [INFO] avantixrpa.engine - Step 6: ui.move (on_error=stop)
2025-12-09 09:06:12,055 [INFO] avantixrpa.engine - Step 6 completed: ui.move
2025-12-09 09:06:12,057 [INFO] avantixrpa.engine - Step 7: ui.click (on_error=stop)
2025-12-09 09:06:12,184 [INFO] avantixrpa.engine - Step 7 completed: ui.click
2025-12-09 09:06:12,185 [INFO] avantixrpa.engine - Flow finished
2025-12-09 09:06:51,698 [INFO] avantixrpa.engine - Start flow: スキャン (on_error=stop)
2025-12-09 09:06:51,699 [INFO] avantixrpa.engine - Step 1: run.program (on_error=stop)
2025-12-09 09:06:51,704 [INFO] avantixrpa.engine - Step 1 completed: run.program
2025-12-09 09:06:51,705 [INFO] avantixrpa.engine - Step 2: wait (on_error=stop)
2025-12-09 09:06:53,706 [INFO] avantixrpa.engine - Step 2 completed: wait
2025-12-09 09:06:53,708 [INFO] avantixrpa.engine - Step 3: ui.move (on_error=stop)
2025-12-09 09:06:54,368 [INFO] avantixrpa.engine - Step 3 completed: ui.move
2025-12-09 09:06:54,369 [INFO] avantixrpa.engine - Step 4: ui.click (on_error=stop)
2025-12-09 09:06:54,480 [INFO] avantixrpa.engine - Step 4 completed: ui.click
2025-12-09 09:06:54,482 [INFO] avantixrpa.engine - Step 5: wait (on_error=stop)
2025-12-09 09:06:55,484 [INFO] avantixrpa.engine - Step 5 completed: wait
2025-12-09 09:06:55,485 [INFO] avantixrpa.engine - Step 6: ui.move (on_error=stop)
2025-12-09 09:06:56,145 [INFO] avantixrpa.engine - Step 6 completed: ui.move
2025-12-09 09:06:56,147 [INFO] avantixrpa.engine - Step 7: ui.click (on_error=stop)
2025-12-09 09:06:56,264 [INFO] avantixrpa.engine - Step 7 completed: ui.click
2025-12-09 09:06:56,264 [INFO] avantixrpa.engine - Flow finished
2025-12-09 09:13:00,399 [INFO] avantixrpa.engine - Start flow: スキャン (on_error=stop)
2025-12-09 09:13:00,400 [INFO] avantixrpa.engine - Step 1: run.program (on_error=stop)
2025-12-09 09:13:00,408 [INFO] avantixrpa.engine - Step 1 completed: run.program
2025-12-09 09:13:00,410 [INFO] avantixrpa.engine - Step 2: wait (on_error=stop)
2025-12-09 09:13:02,411 [INFO] avantixrpa.engine - Step 2 completed: wait
2025-12-09 09:13:02,413 [INFO] avantixrpa.engine - Step 3: ui.move (on_error=stop)
2025-12-09 09:13:03,073 [INFO] avantixrpa.engine - Step 3 completed: ui.move
2025-12-09 09:13:03,076 [INFO] avantixrpa.engine - Step 4: ui.click (on_error=stop)
2025-12-09 09:13:03,193 [INFO] avantixrpa.engine - Step 4 completed: ui.click
2025-12-09 09:13:03,194 [INFO] avantixrpa.engine - Step 5: wait (on_error=stop)
2025-12-09 09:13:04,196 [INFO] avantixrpa.engine - Step 5 completed: wait
2025-12-09 09:13:04,200 [INFO] avantixrpa.engine - Step 6: ui.move (on_error=stop)
2025-12-09 09:13:04,859 [INFO] avantixrpa.engine - Step 6 completed: ui.move
2025-12-09 09:13:04,862 [INFO] avantixrpa.engine - Step 7: ui.click (on_error=stop)
2025-12-09 09:13:04,975 [INFO] avantixrpa.engine - Step 7 completed: ui.click
2025-12-09 09:13:04,976 [INFO] avantixrpa.engine - Step 8: wait (on_error=stop)
2025-12-09 09:13:05,976 [INFO] avantixrpa.engine - Step 8 completed: wait
2025-12-09 09:13:05,977 [INFO] avantixrpa.engine - Step 9: ui.move (on_error=stop)
2025-12-09 09:13:06,637 [INFO] avantixrpa.engine - Step 9 completed: ui.move
2025-12-09 09:13:06,638 [INFO] avantixrpa.engine - Step 10: ui.click (on_error=stop)
2025-12-09 09:13:06,758 [INFO] avantixrpa.engine - Step 10 completed: ui.click
2025-12-09 09:13:06,759 [INFO] avantixrpa.engine - Flow finished
2025-12-09 09:21:20,617 [INFO] avantixrpa.engine - Start flow: スキャン (on_error=stop)
2025-12-09 09:21:20,619 [INFO] avantixrpa.engine - Step 1: run.program (on_error=stop)
2025-12-09 09:21:20,630 [INFO] avantixrpa.engine - Step 1 completed: run.program
2025-12-09 09:21:20,631 [INFO] avantixrpa.engine - Step 2: wait (on_error=stop)
2025-12-09 09:21:22,632 [INFO] avantixrpa.engine - Step 2 completed: wait
2025-12-09 09:21:22,634 [INFO] avantixrpa.engine - Step 3: ui.move (on_error=stop)
2025-12-09 09:21:23,293 [INFO] avantixrpa.engine - Step 3 completed: ui.move
2025-12-09 09:21:23,295 [INFO] avantixrpa.engine - Step 4: ui.click (on_error=stop)
2025-12-09 09:21:23,417 [INFO] avantixrpa.engine - Step 4 completed: ui.click
2025-12-09 09:21:23,420 [INFO] avantixrpa.engine - Step 5: wait (on_error=stop)
2025-12-09 09:21:24,421 [INFO] avantixrpa.engine - Step 5 completed: wait
2025-12-09 09:21:24,423 [INFO] avantixrpa.engine - Step 6: ui.move (on_error=stop)
2025-12-09 09:21:25,084 [INFO] avantixrpa.engine - Step 6 completed: ui.move
2025-12-09 09:21:25,084 [INFO] avantixrpa.engine - Step 7: ui.click (on_error=stop)
2025-12-09 09:21:25,199 [INFO] avantixrpa.engine - Step 7 completed: ui.click
2025-12-09 09:21:25,200 [INFO] avantixrpa.engine - Step 8: wait (on_error=stop)
2025-12-09 09:21:26,201 [INFO] avantixrpa.engine - Step 8 completed: wait
2025-12-09 09:21:26,202 [INFO] avantixrpa.engine - Step 9: ui.move (on_error=stop)
2025-12-09 09:21:26,861 [INFO] avantixrpa.engine - Step 9 completed: ui.move
2025-12-09 09:21:26,863 [INFO] avantixrpa.engine - Step 10: ui.click (on_error=stop)
2025-12-09 09:21:26,980 [INFO] avantixrpa.engine - Step 10 completed: ui.click
2025-12-09 09:21:26,981 [INFO] avantixrpa.engine - Flow finished
2025-12-09 09:21:56,846 [INFO] avantixrpa.engine - Start flow: ぱいせえええええええええん (on_error=stop)
2025-12-09 09:21:56,846 [INFO] avantixrpa.engine - Step 1: resource.open_site (on_error=stop)
2025-12-09 09:21:56,906 [INFO] avantixrpa.engine - Step 1 completed: resource.open_site
2025-12-09 09:21:56,908 [INFO] avantixrpa.engine - Step 2: ui.move (on_error=stop)
2025-12-09 09:21:59,090 [INFO] avantixrpa.engine - Step 2 completed: ui.move
2025-12-09 09:21:59,090 [INFO] avantixrpa.engine - Step 3: wait (on_error=stop)
2025-12-09 09:22:01,092 [INFO] avantixrpa.engine - Step 3 completed: wait
2025-12-09 09:22:01,097 [INFO] avantixrpa.engine - Step 4: ui.click (on_error=stop)
2025-12-09 09:22:01,218 [INFO] avantixrpa.engine - Step 4 completed: ui.click
2025-12-09 09:22:01,220 [INFO] avantixrpa.engine - Flow finished
2025-12-09 11:00:23,780 [INFO] avantixrpa.engine - Start flow: スキャン（コピー） (on_error=stop)
2025-12-09 11:00:23,781 [INFO] avantixrpa.engine - Step 1: run.program (on_error=stop)
2025-12-09 11:00:23,789 [INFO] avantixrpa.engine - Step 1 completed: run.program
2025-12-09 11:00:23,790 [INFO] avantixrpa.engine - Step 2: wait (on_error=stop)
2025-12-09 11:00:25,791 [INFO] avantixrpa.engine - Step 2 completed: wait
2025-12-09 11:00:25,792 [INFO] avantixrpa.engine - Step 3: ui.move (on_error=stop)
2025-12-09 11:00:26,453 [INFO] avantixrpa.engine - Step 3 completed: ui.move
2025-12-09 11:00:26,454 [INFO] avantixrpa.engine - Step 4: ui.click (on_error=stop)
2025-12-09 11:00:26,569 [INFO] avantixrpa.engine - Step 4 completed: ui.click
2025-12-09 11:00:26,570 [INFO] avantixrpa.engine - Step 5: wait (on_error=stop)
2025-12-09 11:00:27,570 [INFO] avantixrpa.engine - Step 5 completed: wait
2025-12-09 11:00:27,571 [INFO] avantixrpa.engine - Step 6: ui.move (on_error=stop)
2025-12-09 11:00:28,231 [INFO] avantixrpa.engine - Step 6 completed: ui.move
2025-12-09 11:00:28,232 [INFO] avantixrpa.engine - Step 7: ui.click (on_error=stop)
2025-12-09 11:00:28,351 [INFO] avantixrpa.engine - Step 7 completed: ui.click
2025-12-09 11:00:28,351 [INFO] avantixrpa.engine - Step 8: wait (on_error=stop)
2025-12-09 11:00:29,352 [INFO] avantixrpa.engine - Step 8 completed: wait
2025-12-09 11:00:29,353 [INFO] avantixrpa.engine - Step 9: ui.move (on_error=stop)
2025-12-09 11:00:30,010 [INFO] avantixrpa.engine - Step 9 completed: ui.move
2025-12-09 11:00:30,010 [INFO] avantixrpa.engine - Step 10: ui.click (on_error=stop)
2025-12-09 11:00:30,113 [INFO] avantixrpa.engine - Step 10 completed: ui.click
2025-12-09 11:00:30,114 [INFO] avantixrpa.engine - Flow finished
2025-12-09 11:01:31,155 [INFO] avantixrpa.engine - Start flow: スキャン（コピー） (on_error=stop)
2025-12-09 11:01:31,156 [INFO] avantixrpa.engine - Step 1: run.program (on_error=stop)
2025-12-09 11:01:31,163 [INFO] avantixrpa.engine - Step 1 completed: run.program
2025-12-09 11:01:31,163 [INFO] avantixrpa.engine - Step 2: wait (on_error=stop)
2025-12-09 11:01:33,164 [INFO] avantixrpa.engine - Step 2 completed: wait
2025-12-09 11:01:33,165 [INFO] avantixrpa.engine - Step 3: ui.move (on_error=stop)
2025-12-09 11:01:33,824 [INFO] avantixrpa.engine - Step 3 completed: ui.move
2025-12-09 11:01:33,826 [INFO] avantixrpa.engine - Step 4: ui.click (on_error=stop)
2025-12-09 11:01:33,945 [INFO] avantixrpa.engine - Step 4 completed: ui.click
2025-12-09 11:01:33,946 [INFO] avantixrpa.engine - Step 5: wait (on_error=stop)
2025-12-09 11:01:34,948 [INFO] avantixrpa.engine - Step 5 completed: wait
2025-12-09 11:01:34,949 [INFO] avantixrpa.engine - Step 6: ui.move (on_error=stop)
2025-12-09 11:01:35,608 [INFO] avantixrpa.engine - Step 6 completed: ui.move
2025-12-09 11:01:35,609 [INFO] avantixrpa.engine - Step 7: ui.click (on_error=stop)
2025-12-09 11:01:35,724 [INFO] avantixrpa.engine - Step 7 completed: ui.click
2025-12-09 11:01:35,725 [INFO] avantixrpa.engine - Step 8: wait (on_error=stop)
2025-12-09 11:01:36,726 [INFO] avantixrpa.engine - Step 8 completed: wait
2025-12-09 11:01:36,727 [INFO] avantixrpa.engine - Step 9: ui.move (on_error=stop)
2025-12-09 11:01:37,386 [INFO] avantixrpa.engine - Step 9 completed: ui.move
2025-12-09 11:01:37,389 [INFO] avantixrpa.engine - Step 10: ui.click (on_error=stop)
2025-12-09 11:01:37,508 [INFO] avantixrpa.engine - Step 10 completed: ui.click
2025-12-09 11:01:37,509 [INFO] avantixrpa.engine - Flow finished
2025-12-09 11:48:42,804 [INFO] avantixrpa.engine - Start flow: AVANTIXRPA - Log backup sample (on_error=stop)
2025-12-09 11:48:42,805 [INFO] avantixrpa.engine - Step 1: print (on_error=stop)
2025-12-09 11:48:42,805 [INFO] avantixrpa.engine - Step 1 completed: print
2025-12-09 11:48:42,806 [INFO] avantixrpa.engine - Step 2: file.copy (on_error=stop)
2025-12-09 11:48:42,817 [INFO] avantixrpa.engine - Step 2 completed: file.copy
2025-12-09 11:48:42,819 [INFO] avantixrpa.engine - Step 3: print (on_error=stop)
2025-12-09 11:48:42,819 [INFO] avantixrpa.engine - Step 3 completed: print
2025-12-09 11:48:42,820 [INFO] avantixrpa.engine - Flow finished
2025-12-09 12:27:55,245 [INFO] avantixrpa.engine - Start flow: スキャン (on_error=stop)
2025-12-09 12:27:55,245 [INFO] avantixrpa.engine - Step 1: run.program (on_error=stop)
2025-12-09 12:27:55,251 [INFO] avantixrpa.engine - Step 1 completed: run.program
2025-12-09 12:27:55,252 [INFO] avantixrpa.engine - Step 2: wait (on_error=stop)
2025-12-09 12:27:57,253 [INFO] avantixrpa.engine - Step 2 completed: wait
2025-12-09 12:27:57,254 [INFO] avantixrpa.engine - Step 3: ui.move (on_error=stop)
2025-12-09 12:27:57,912 [INFO] avantixrpa.engine - Step 3 completed: ui.move
2025-12-09 12:27:57,913 [INFO] avantixrpa.engine - Step 4: ui.click (on_error=stop)
2025-12-09 12:27:58,025 [INFO] avantixrpa.engine - Step 4 completed: ui.click
2025-12-09 12:27:58,026 [INFO] avantixrpa.engine - Step 5: wait (on_error=stop)
2025-12-09 12:27:59,028 [INFO] avantixrpa.engine - Step 5 completed: wait
2025-12-09 12:27:59,028 [INFO] avantixrpa.engine - Step 6: ui.move (on_error=stop)
2025-12-09 12:27:59,686 [INFO] avantixrpa.engine - Step 6 completed: ui.move
2025-12-09 12:27:59,688 [INFO] avantixrpa.engine - Step 7: ui.click (on_error=stop)
2025-12-09 12:27:59,806 [INFO] avantixrpa.engine - Step 7 completed: ui.click
2025-12-09 12:27:59,807 [INFO] avantixrpa.engine - Step 8: wait (on_error=stop)
2025-12-09 12:28:00,807 [INFO] avantixrpa.engine - Step 8 completed: wait
2025-12-09 12:28:00,809 [INFO] avantixrpa.engine - Step 9: ui.move (on_error=stop)
2025-12-09 12:28:01,466 [INFO] avantixrpa.engine - Step 9 completed: ui.move
2025-12-09 12:28:01,468 [INFO] avantixrpa.engine - Step 10: ui.click (on_error=stop)
2025-12-09 12:28:01,591 [INFO] avantixrpa.engine - Step 10 completed: ui.click
2025-12-09 12:28:01,592 [INFO] avantixrpa.engine - Flow finished
2025-12-09 12:28:14,247 [INFO] avantixrpa.engine - Start flow: ぱいせえええええええええん (on_error=stop)
2025-12-09 12:28:14,247 [INFO] avantixrpa.engine - Step 1: resource.open_site (on_error=stop)
2025-12-09 12:28:14,304 [INFO] avantixrpa.engine - Step 1 completed: resource.open_site
2025-12-09 12:28:14,304 [INFO] avantixrpa.engine - Step 2: ui.move (on_error=stop)
2025-12-09 12:28:16,479 [INFO] avantixrpa.engine - Step 2 completed: ui.move
2025-12-09 12:28:16,480 [INFO] avantixrpa.engine - Step 3: wait (on_error=stop)
2025-12-09 12:28:18,484 [INFO] avantixrpa.engine - Step 3 completed: wait
2025-12-09 12:28:18,485 [INFO] avantixrpa.engine - Step 4: ui.click (on_error=stop)
2025-12-09 12:28:18,591 [INFO] avantixrpa.engine - Step 4 completed: ui.click
2025-12-09 12:28:18,592 [INFO] avantixrpa.engine - Flow finished
2025-12-09 12:28:53,740 [INFO] avantixrpa.engine - Start flow: スキャン（コピー） (on_error=stop)
2025-12-09 12:28:53,740 [INFO] avantixrpa.engine - Step 1: run.program (on_error=stop)
2025-12-09 12:28:53,746 [INFO] avantixrpa.engine - Step 1 completed: run.program
2025-12-09 12:28:53,746 [INFO] avantixrpa.engine - Step 2: wait (on_error=stop)
2025-12-09 12:28:55,747 [INFO] avantixrpa.engine - Step 2 completed: wait
2025-12-09 12:28:55,747 [INFO] avantixrpa.engine - Step 3: ui.move (on_error=stop)
2025-12-09 12:28:56,405 [INFO] avantixrpa.engine - Step 3 completed: ui.move
2025-12-09 12:28:56,407 [INFO] avantixrpa.engine - Step 4: ui.click (on_error=stop)
2025-12-09 12:28:56,528 [INFO] avantixrpa.engine - Step 4 completed: ui.click
2025-12-09 12:28:56,529 [INFO] avantixrpa.engine - Step 5: wait (on_error=stop)
2025-12-09 12:28:57,530 [INFO] avantixrpa.engine - Step 5 completed: wait
2025-12-09 12:28:57,531 [INFO] avantixrpa.engine - Step 6: ui.move (on_error=stop)
2025-12-09 12:28:58,189 [INFO] avantixrpa.engine - Step 6 completed: ui.move
2025-12-09 12:28:58,191 [INFO] avantixrpa.engine - Step 7: ui.click (on_error=stop)
2025-12-09 12:28:58,309 [INFO] avantixrpa.engine - Step 7 completed: ui.click
2025-12-09 12:28:58,311 [INFO] avantixrpa.engine - Step 8: wait (on_error=stop)
2025-12-09 12:28:59,312 [INFO] avantixrpa.engine - Step 8 completed: wait
2025-12-09 12:28:59,313 [INFO] avantixrpa.engine - Step 9: ui.move (on_error=stop)
2025-12-09 12:28:59,972 [INFO] avantixrpa.engine - Step 9 completed: ui.move
2025-12-09 12:28:59,974 [INFO] avantixrpa.engine - Step 10: ui.click (on_error=stop)
2025-12-09 12:29:00,092 [INFO] avantixrpa.engine - Step 10 completed: ui.click
2025-12-09 12:29:00,093 [INFO] avantixrpa.engine - Flow finished
2025-12-10 09:01:43,798 [INFO] avantixrpa.engine - Start flow: スキャン (on_error=stop)
2025-12-10 09:01:43,798 [INFO] avantixrpa.engine - Step 1: run.program (on_error=stop)
2025-12-10 09:01:43,916 [INFO] avantixrpa.engine - Step 1 completed: run.program
2025-12-10 09:01:43,916 [INFO] avantixrpa.engine - Step 2: wait (on_error=stop)
2025-12-10 09:01:45,917 [INFO] avantixrpa.engine - Step 2 completed: wait
2025-12-10 09:01:45,918 [INFO] avantixrpa.engine - Step 3: ui.move (on_error=stop)
2025-12-10 09:01:46,576 [INFO] avantixrpa.engine - Step 3 completed: ui.move
2025-12-10 09:01:46,577 [INFO] avantixrpa.engine - Step 4: ui.click (on_error=stop)
2025-12-10 09:01:46,690 [INFO] avantixrpa.engine - Step 4 completed: ui.click
2025-12-10 09:01:46,691 [INFO] avantixrpa.engine - Step 5: wait (on_error=stop)
2025-12-10 09:01:47,691 [INFO] avantixrpa.engine - Step 5 completed: wait
2025-12-10 09:01:47,693 [INFO] avantixrpa.engine - Step 6: ui.move (on_error=stop)
2025-12-10 09:01:48,353 [INFO] avantixrpa.engine - Step 6 completed: ui.move
2025-12-10 09:01:48,355 [INFO] avantixrpa.engine - Step 7: ui.click (on_error=stop)
2025-12-10 09:01:48,473 [INFO] avantixrpa.engine - Step 7 completed: ui.click
2025-12-10 09:01:48,473 [INFO] avantixrpa.engine - Step 8: wait (on_error=stop)
2025-12-10 09:01:49,474 [INFO] avantixrpa.engine - Step 8 completed: wait
2025-12-10 09:01:49,475 [INFO] avantixrpa.engine - Step 9: ui.move (on_error=stop)
2025-12-10 09:01:50,134 [INFO] avantixrpa.engine - Step 9 completed: ui.move
2025-12-10 09:01:50,135 [INFO] avantixrpa.engine - Step 10: ui.click (on_error=stop)
2025-12-10 09:01:50,238 [INFO] avantixrpa.engine - Step 10 completed: ui.click
2025-12-10 09:01:50,238 [INFO] avantixrpa.engine - Flow finished
2025-12-10 12:27:54,248 [INFO] avantixrpa.engine - Start flow: スキャン (on_error=stop)
2025-12-10 12:27:54,248 [INFO] avantixrpa.engine - Step 1: run.program (on_error=stop)
2025-12-10 12:27:54,255 [INFO] avantixrpa.engine - Step 1 completed: run.program
2025-12-10 12:27:54,255 [INFO] avantixrpa.engine - Step 2: wait (on_error=stop)
2025-12-10 12:27:56,256 [INFO] avantixrpa.engine - Step 2 completed: wait
2025-12-10 12:27:56,257 [INFO] avantixrpa.engine - Step 3: ui.move (on_error=stop)
2025-12-10 12:27:56,915 [INFO] avantixrpa.engine - Step 3 completed: ui.move
2025-12-10 12:27:56,916 [INFO] avantixrpa.engine - Step 4: ui.click (on_error=stop)
2025-12-10 12:27:57,028 [INFO] avantixrpa.engine - Step 4 completed: ui.click
2025-12-10 12:27:57,029 [INFO] avantixrpa.engine - Step 5: wait (on_error=stop)
2025-12-10 12:27:58,030 [INFO] avantixrpa.engine - Step 5 completed: wait
2025-12-10 12:27:58,031 [INFO] avantixrpa.engine - Flow stopped by user at step 6
2025-12-11 11:45:12,603 [INFO] avantixrpa.engine - Start flow: スキャン (on_error=stop)
2025-12-11 11:45:12,604 [INFO] avantixrpa.engine - Step 1: run.program (on_error=stop)
2025-12-11 11:45:12,733 [INFO] avantixrpa.engine - Step 1 completed: run.program
2025-12-11 11:45:12,733 [INFO] avantixrpa.engine - Step 2: wait (on_error=stop)
2025-12-11 11:45:14,733 [INFO] avantixrpa.engine - Step 2 completed: wait
2025-12-11 11:45:14,734 [INFO] avantixrpa.engine - Step 3: ui.move (on_error=stop)
2025-12-11 11:45:15,390 [INFO] avantixrpa.engine - Step 3 completed: ui.move
2025-12-11 11:45:15,390 [INFO] avantixrpa.engine - Step 4: ui.click (on_error=stop)
2025-12-11 11:45:15,502 [INFO] avantixrpa.engine - Step 4 completed: ui.click
2025-12-11 11:45:15,503 [INFO] avantixrpa.engine - Step 5: wait (on_error=stop)
2025-12-11 11:45:16,503 [INFO] avantixrpa.engine - Step 5 completed: wait
2025-12-11 11:45:16,504 [INFO] avantixrpa.engine - Step 6: ui.move (on_error=stop)
2025-12-11 11:45:17,160 [INFO] avantixrpa.engine - Step 6 completed: ui.move
2025-12-11 11:45:17,160 [INFO] avantixrpa.engine - Step 7: ui.click (on_error=stop)
2025-12-11 11:45:17,269 [INFO] avantixrpa.engine - Step 7 completed: ui.click
2025-12-11 11:45:17,269 [INFO] avantixrpa.engine - Step 8: wait (on_error=stop)
2025-12-11 11:45:18,270 [INFO] avantixrpa.engine - Step 8 completed: wait
2025-12-11 11:45:18,270 [INFO] avantixrpa.engine - Step 9: ui.move (on_error=stop)
2025-12-11 11:45:18,927 [INFO] avantixrpa.engine - Step 9 completed: ui.move
2025-12-11 11:45:18,927 [INFO] avantixrpa.engine - Step 10: ui.click (on_error=stop)
2025-12-11 11:45:19,036 [INFO] avantixrpa.engine - Step 10 completed: ui.click
2025-12-11 11:45:19,036 [INFO] avantixrpa.engine - Flow finished
2025-12-11 11:47:32,395 [INFO] avantixrpa.engine - Start flow: スキャン (on_error=stop)
2025-12-11 11:47:32,396 [INFO] avantixrpa.engine - Step 1: run.program (on_error=stop)
2025-12-11 11:47:32,399 [INFO] avantixrpa.engine - Step 1 completed: run.program
2025-12-11 11:47:32,400 [INFO] avantixrpa.engine - Step 2: wait (on_error=stop)
2025-12-11 11:47:34,400 [INFO] avantixrpa.engine - Step 2 completed: wait
2025-12-11 11:47:34,401 [INFO] avantixrpa.engine - Step 3: ui.move (on_error=stop)
2025-12-11 11:47:35,057 [INFO] avantixrpa.engine - Step 3 completed: ui.move
2025-12-11 11:47:35,057 [INFO] avantixrpa.engine - Step 4: ui.click (on_error=stop)
2025-12-11 11:47:35,169 [INFO] avantixrpa.engine - Step 4 completed: ui.click
2025-12-11 11:47:35,169 [INFO] avantixrpa.engine - Step 5: wait (on_error=stop)
2025-12-11 11:47:36,170 [INFO] avantixrpa.engine - Step 5 completed: wait
2025-12-11 11:47:36,171 [INFO] avantixrpa.engine - Step 6: ui.move (on_error=stop)
2025-12-11 11:47:36,827 [INFO] avantixrpa.engine - Step 6 completed: ui.move
2025-12-11 11:47:36,827 [INFO] avantixrpa.engine - Step 7: ui.click (on_error=stop)
2025-12-11 11:47:36,935 [INFO] avantixrpa.engine - Step 7 completed: ui.click
2025-12-11 11:47:36,936 [INFO] avantixrpa.engine - Step 8: wait (on_error=stop)
2025-12-11 11:47:37,936 [INFO] avantixrpa.engine - Step 8 completed: wait
2025-12-11 11:47:37,937 [INFO] avantixrpa.engine - Step 9: ui.move (on_error=stop)
2025-12-11 11:47:38,593 [INFO] avantixrpa.engine - Step 9 completed: ui.move
2025-12-11 11:47:38,593 [INFO] avantixrpa.engine - Step 10: ui.click (on_error=stop)
2025-12-11 11:47:38,702 [INFO] avantixrpa.engine - Step 10 completed: ui.click
2025-12-11 11:47:38,703 [INFO] avantixrpa.engine - Flow finished
2025-12-11 14:09:42,653 [INFO] avantixrpa.engine - Start flow: スキャン (on_error=stop)
2025-12-11 14:09:42,654 [INFO] avantixrpa.engine - Step 1: run.program (on_error=stop)
2025-12-11 14:09:42,658 [INFO] avantixrpa.engine - Step 1 completed: run.program
2025-12-11 14:09:42,659 [INFO] avantixrpa.engine - Step 2: wait (on_error=stop)
2025-12-11 14:09:44,659 [INFO] avantixrpa.engine - Step 2 completed: wait
2025-12-11 14:09:44,660 [INFO] avantixrpa.engine - Step 3: ui.move (on_error=stop)
2025-12-11 14:09:45,317 [INFO] avantixrpa.engine - Step 3 completed: ui.move
2025-12-11 14:09:45,317 [INFO] avantixrpa.engine - Step 4: ui.click (on_error=stop)
2025-12-11 14:09:45,435 [INFO] avantixrpa.engine - Step 4 completed: ui.click
2025-12-11 14:09:45,436 [INFO] avantixrpa.engine - Step 5: wait (on_error=stop)
2025-12-11 14:09:46,437 [INFO] avantixrpa.engine - Step 5 completed: wait
2025-12-11 14:09:46,437 [INFO] avantixrpa.engine - Step 6: ui.move (on_error=stop)
2025-12-11 14:09:47,094 [INFO] avantixrpa.engine - Step 6 completed: ui.move
2025-12-11 14:09:47,095 [INFO] avantixrpa.engine - Step 7: ui.click (on_error=stop)
2025-12-11 14:09:47,212 [INFO] avantixrpa.engine - Step 7 completed: ui.click
2025-12-11 14:09:47,212 [INFO] avantixrpa.engine - Step 8: wait (on_error=stop)
2025-12-11 14:09:48,217 [INFO] avantixrpa.engine - Step 8 completed: wait
2025-12-11 14:09:48,218 [INFO] avantixrpa.engine - Step 9: ui.move (on_error=stop)
2025-12-11 14:09:48,875 [INFO] avantixrpa.engine - Step 9 completed: ui.move
2025-12-11 14:09:48,875 [INFO] avantixrpa.engine - Step 10: ui.click (on_error=stop)
2025-12-11 14:09:48,977 [INFO] avantixrpa.engine - Step 10 completed: ui.click
2025-12-11 14:09:48,978 [INFO] avantixrpa.engine - Flow finished
2025-12-11 14:10:16,394 [INFO] avantixrpa.engine - Start flow: スキャン (on_error=stop)
2025-12-11 14:10:16,395 [INFO] avantixrpa.engine - Step 1: run.program (on_error=stop)
2025-12-11 14:10:16,399 [INFO] avantixrpa.engine - Step 1 completed: run.program
2025-12-11 14:10:16,399 [INFO] avantixrpa.engine - Step 2: wait (on_error=stop)
2025-12-11 14:10:18,400 [INFO] avantixrpa.engine - Step 2 completed: wait
2025-12-11 14:10:18,400 [INFO] avantixrpa.engine - Step 3: ui.move (on_error=stop)
2025-12-11 14:10:19,057 [INFO] avantixrpa.engine - Step 3 completed: ui.move
2025-12-11 14:10:19,057 [INFO] avantixrpa.engine - Step 4: ui.click (on_error=stop)
2025-12-11 14:10:19,169 [INFO] avantixrpa.engine - Step 4 completed: ui.click
2025-12-11 14:10:19,169 [INFO] avantixrpa.engine - Step 5: wait (on_error=stop)
2025-12-11 14:10:20,170 [INFO] avantixrpa.engine - Step 5 completed: wait
2025-12-11 14:10:20,171 [INFO] avantixrpa.engine - Step 6: ui.move (on_error=stop)
2025-12-11 14:10:20,827 [INFO] avantixrpa.engine - Step 6 completed: ui.move
2025-12-11 14:10:20,827 [INFO] avantixrpa.engine - Step 7: ui.click (on_error=stop)
2025-12-11 14:10:20,934 [INFO] avantixrpa.engine - Step 7 completed: ui.click
2025-12-11 14:10:20,935 [INFO] avantixrpa.engine - Step 8: wait (on_error=stop)
2025-12-11 14:10:21,935 [INFO] avantixrpa.engine - Step 8 completed: wait
2025-12-11 14:10:21,936 [INFO] avantixrpa.engine - Step 9: ui.move (on_error=stop)
2025-12-11 14:10:22,593 [INFO] avantixrpa.engine - Step 9 completed: ui.move
2025-12-11 14:10:22,593 [INFO] avantixrpa.engine - Step 10: ui.click (on_error=stop)
2025-12-11 14:10:22,717 [INFO] avantixrpa.engine - Step 10 completed: ui.click
2025-12-11 14:10:22,718 [INFO] avantixrpa.engine - Flow finished
2025-12-11 14:14:03,552 [INFO] avantixrpa.engine - Start flow: スキャン (on_error=stop)
2025-12-11 14:14:03,552 [INFO] avantixrpa.engine - Step 1: run.program (on_error=stop)
2025-12-11 14:14:03,557 [INFO] avantixrpa.engine - Step 1 completed: run.program
2025-12-11 14:14:03,557 [INFO] avantixrpa.engine - Step 2: wait (on_error=stop)
2025-12-11 14:14:05,558 [INFO] avantixrpa.engine - Step 2 completed: wait
2025-12-11 14:14:05,558 [INFO] avantixrpa.engine - Step 3: ui.move (on_error=stop)
2025-12-11 14:14:06,214 [INFO] avantixrpa.engine - Step 3 completed: ui.move
2025-12-11 14:14:06,214 [INFO] avantixrpa.engine - Step 4: ui.click (on_error=stop)
2025-12-11 14:14:06,318 [INFO] avantixrpa.engine - Step 4 completed: ui.click
2025-12-11 14:14:06,319 [INFO] avantixrpa.engine - Step 5: wait (on_error=stop)
2025-12-11 14:14:07,320 [INFO] avantixrpa.engine - Step 5 completed: wait
2025-12-11 14:14:07,320 [INFO] avantixrpa.engine - Step 6: ui.move (on_error=stop)
2025-12-11 14:14:07,976 [INFO] avantixrpa.engine - Step 6 completed: ui.move
2025-12-11 14:14:07,976 [INFO] avantixrpa.engine - Step 7: ui.click (on_error=stop)
2025-12-11 14:14:08,081 [INFO] avantixrpa.engine - Step 7 completed: ui.click
2025-12-11 14:14:08,081 [INFO] avantixrpa.engine - Step 8: wait (on_error=stop)
2025-12-11 14:14:09,082 [INFO] avantixrpa.engine - Step 8 completed: wait
2025-12-11 14:14:09,082 [INFO] avantixrpa.engine - Step 9: ui.move (on_error=stop)
2025-12-11 14:14:09,739 [INFO] avantixrpa.engine - Step 9 completed: ui.move
2025-12-11 14:14:09,740 [INFO] avantixrpa.engine - Step 10: ui.click (on_error=stop)
2025-12-11 14:14:09,863 [INFO] avantixrpa.engine - Step 10 completed: ui.click
2025-12-11 14:14:09,864 [INFO] avantixrpa.engine - Flow finished
2025-12-11 14:15:23,133 [INFO] avantixrpa.engine - Start flow: スキャン (on_error=stop)
2025-12-11 14:15:23,133 [INFO] avantixrpa.engine - Step 1: run.program (on_error=stop)
2025-12-11 14:15:23,138 [INFO] avantixrpa.engine - Step 1 completed: run.program
2025-12-11 14:15:23,138 [INFO] avantixrpa.engine - Step 2: wait (on_error=stop)
2025-12-11 14:15:25,139 [INFO] avantixrpa.engine - Step 2 completed: wait
2025-12-11 14:15:25,140 [INFO] avantixrpa.engine - Step 3: ui.move (on_error=stop)
2025-12-11 14:15:25,797 [INFO] avantixrpa.engine - Step 3 completed: ui.move
2025-12-11 14:15:25,798 [INFO] avantixrpa.engine - Step 4: ui.click (on_error=stop)
2025-12-11 14:15:25,901 [INFO] avantixrpa.engine - Step 4 completed: ui.click
2025-12-11 14:15:25,902 [INFO] avantixrpa.engine - Step 5: wait (on_error=stop)
2025-12-11 14:15:26,903 [INFO] avantixrpa.engine - Step 5 completed: wait
2025-12-11 14:15:26,903 [INFO] avantixrpa.engine - Step 6: ui.move (on_error=stop)
2025-12-11 14:15:27,560 [INFO] avantixrpa.engine - Step 6 completed: ui.move
2025-12-11 14:15:27,560 [INFO] avantixrpa.engine - Step 7: pause (on_error=stop)
2025-12-11 14:15:32,068 [INFO] avantixrpa.engine - Step 7 completed: pause
2025-12-11 14:15:32,068 [INFO] avantixrpa.engine - Step 8: ui.click (on_error=stop)
2025-12-11 14:15:32,182 [INFO] avantixrpa.engine - Step 8 completed: ui.click
2025-12-11 14:15:32,182 [INFO] avantixrpa.engine - Step 9: wait (on_error=stop)
2025-12-11 14:15:33,182 [INFO] avantixrpa.engine - Step 9 completed: wait
2025-12-11 14:15:33,183 [INFO] avantixrpa.engine - Step 10: ui.move (on_error=stop)
2025-12-11 14:15:33,840 [INFO] avantixrpa.engine - Step 10 completed: ui.move
2025-12-11 14:15:33,840 [INFO] avantixrpa.engine - Step 11: ui.click (on_error=stop)
2025-12-11 14:15:33,961 [INFO] avantixrpa.engine - Step 11 completed: ui.click
2025-12-11 14:15:33,961 [INFO] avantixrpa.engine - Flow finished
2025-12-11 14:19:20,769 [INFO] avantixrpa.engine - Start flow: スキャン (on_error=stop)
2025-12-11 14:19:20,770 [INFO] avantixrpa.engine - Step 1: run.program (on_error=stop)
2025-12-11 14:19:20,775 [INFO] avantixrpa.engine - Step 1 completed: run.program
2025-12-11 14:19:20,775 [INFO] avantixrpa.engine - Step 2: wait (on_error=stop)
2025-12-11 14:19:22,776 [INFO] avantixrpa.engine - Step 2 completed: wait
2025-12-11 14:19:22,776 [INFO] avantixrpa.engine - Step 3: ui.move (on_error=stop)
2025-12-11 14:19:23,432 [INFO] avantixrpa.engine - Step 3 completed: ui.move
2025-12-11 14:19:23,433 [INFO] avantixrpa.engine - Step 4: ui.click (on_error=stop)
2025-12-11 14:19:23,556 [INFO] avantixrpa.engine - Step 4 completed: ui.click
2025-12-11 14:19:23,557 [INFO] avantixrpa.engine - Step 5: wait (on_error=stop)
2025-12-11 14:19:24,558 [INFO] avantixrpa.engine - Step 5 completed: wait
2025-12-11 14:19:24,558 [INFO] avantixrpa.engine - Step 6: ui.move (on_error=stop)
2025-12-11 14:19:25,214 [INFO] avantixrpa.engine - Step 6 completed: ui.move
2025-12-11 14:19:25,214 [INFO] avantixrpa.engine - Step 7: pause (on_error=stop)
2025-12-11 14:19:28,339 [INFO] avantixrpa.engine - Step 7 completed: pause
2025-12-11 14:19:28,339 [INFO] avantixrpa.engine - Step 8: ui.click (on_error=stop)
2025-12-11 14:19:28,454 [INFO] avantixrpa.engine - Step 8 completed: ui.click
2025-12-11 14:19:28,455 [INFO] avantixrpa.engine - Step 9: wait (on_error=stop)
2025-12-11 14:19:29,456 [INFO] avantixrpa.engine - Step 9 completed: wait
2025-12-11 14:19:29,456 [INFO] avantixrpa.engine - Step 10: ui.move (on_error=stop)
2025-12-11 14:19:30,112 [INFO] avantixrpa.engine - Step 10 completed: ui.move
2025-12-11 14:19:30,113 [INFO] avantixrpa.engine - Step 11: ui.click (on_error=stop)
2025-12-11 14:19:30,233 [INFO] avantixrpa.engine - Step 11 completed: ui.click
2025-12-11 14:19:30,233 [INFO] avantixrpa.engine - Flow finished
